mode: set
github.com/harmonyflow/syncbridge/session-state-service/cmd/main.go:23.13,25.16 2 0
github.com/harmonyflow/syncbridge/session-state-service/cmd/main.go:25.16,28.3 2 0
github.com/harmonyflow/syncbridge/session-state-service/cmd/main.go:29.2,41.16 4 0
github.com/harmonyflow/syncbridge/session-state-service/cmd/main.go:41.16,43.3 1 0
github.com/harmonyflow/syncbridge/session-state-service/cmd/main.go:44.2,47.21 3 0
github.com/harmonyflow/syncbridge/session-state-service/cmd/main.go:47.21,49.3 1 0
github.com/harmonyflow/syncbridge/session-state-service/cmd/main.go:50.2,50.25 1 0
github.com/harmonyflow/syncbridge/session-state-service/cmd/main.go:50.25,52.3 1 0
github.com/harmonyflow/syncbridge/session-state-service/cmd/main.go:54.2,55.28 2 0
github.com/harmonyflow/syncbridge/session-state-service/cmd/main.go:55.28,57.3 1 0
github.com/harmonyflow/syncbridge/session-state-service/cmd/main.go:58.2,58.32 1 0
github.com/harmonyflow/syncbridge/session-state-service/cmd/main.go:58.32,60.3 1 0
github.com/harmonyflow/syncbridge/session-state-service/cmd/main.go:62.2,70.59 3 0
github.com/harmonyflow/syncbridge/session-state-service/cmd/main.go:70.59,72.3 1 0
github.com/harmonyflow/syncbridge/session-state-service/cmd/main.go:74.2,83.32 8 0
github.com/harmonyflow/syncbridge/session-state-service/cmd/main.go:83.32,85.3 1 0
github.com/harmonyflow/syncbridge/session-state-service/cmd/main.go:87.2,101.72 3 0
github.com/harmonyflow/syncbridge/session-state-service/cmd/main.go:101.72,103.3 1 0
github.com/harmonyflow/syncbridge/session-state-service/cmd/main.go:105.2,125.66 5 0
github.com/harmonyflow/syncbridge/session-state-service/cmd/main.go:125.66,126.52 1 0
github.com/harmonyflow/syncbridge/session-state-service/cmd/main.go:126.52,128.4 1 0
github.com/harmonyflow/syncbridge/session-state-service/cmd/main.go:130.2,154.2 21 0
github.com/harmonyflow/syncbridge/session-state-service/cmd/main.go:154.2,162.3 7 0
github.com/harmonyflow/syncbridge/session-state-service/cmd/main.go:164.2,174.12 3 0
github.com/harmonyflow/syncbridge/session-state-service/cmd/main.go:174.12,176.77 2 0
github.com/harmonyflow/syncbridge/session-state-service/cmd/main.go:176.77,178.4 1 0
github.com/harmonyflow/syncbridge/session-state-service/cmd/main.go:181.2,190.42 7 0
github.com/harmonyflow/syncbridge/session-state-service/cmd/main.go:190.42,192.3 1 0
github.com/harmonyflow/syncbridge/session-state-service/cmd/main.go:194.2,194.30 1 0
github.com/harmonyflow/syncbridge/session-state-service/cmd/main.go:197.46,198.42 1 0
github.com/harmonyflow/syncbridge/session-state-service/cmd/main.go:198.42,200.3 1 0
github.com/harmonyflow/syncbridge/session-state-service/cmd/main.go:201.2,201.21 1 0
github.com/harmonyflow/syncbridge/session-state-service/cmd/main.go:204.56,205.30 1 0
github.com/harmonyflow/syncbridge/session-state-service/cmd/main.go:205.30,217.16 9 0
github.com/harmonyflow/syncbridge/session-state-service/cmd/main.go:217.16,219.4 1 0
github.com/harmonyflow/syncbridge/session-state-service/cmd/main.go:221.3,227.4 1 0
github.com/harmonyflow/syncbridge/session-state-service/internal/auth/jwt.go:23.54,28.25 4 1
github.com/harmonyflow/syncbridge/session-state-service/internal/auth/jwt.go:28.25,30.3 1 1
github.com/harmonyflow/syncbridge/session-state-service/internal/auth/jwt.go:32.2,33.25 2 1
github.com/harmonyflow/syncbridge/session-state-service/internal/auth/jwt.go:33.25,35.3 1 1
github.com/harmonyflow/syncbridge/session-state-service/internal/auth/jwt.go:37.2,41.17 4 1
github.com/harmonyflow/syncbridge/session-state-service/internal/auth/jwt.go:41.17,43.3 1 1
github.com/harmonyflow/syncbridge/session-state-service/internal/auth/jwt.go:45.2,57.12 7 1
github.com/harmonyflow/syncbridge/session-state-service/internal/auth/jwt.go:60.52,64.57 3 1
github.com/harmonyflow/syncbridge/session-state-service/internal/auth/jwt.go:64.57,66.3 1 1
github.com/harmonyflow/syncbridge/session-state-service/internal/auth/jwt.go:68.2,68.24 1 1
github.com/harmonyflow/syncbridge/session-state-service/internal/auth/jwt.go:68.24,69.63 1 0
github.com/harmonyflow/syncbridge/session-state-service/internal/auth/jwt.go:69.63,71.4 1 0
github.com/harmonyflow/syncbridge/session-state-service/internal/auth/jwt.go:74.2,74.65 1 1
github.com/harmonyflow/syncbridge/session-state-service/internal/auth/jwt.go:77.41,79.2 1 0
github.com/harmonyflow/syncbridge/session-state-service/internal/auth/jwt.go:81.41,83.2 1 0
github.com/harmonyflow/syncbridge/session-state-service/internal/auth/jwt.go:85.43,92.22 5 1
github.com/harmonyflow/syncbridge/session-state-service/internal/auth/jwt.go:92.22,94.22 2 0
github.com/harmonyflow/syncbridge/session-state-service/internal/auth/jwt.go:94.22,96.4 1 0
github.com/harmonyflow/syncbridge/session-state-service/internal/auth/jwt.go:97.3,97.25 1 0
github.com/harmonyflow/syncbridge/session-state-service/internal/auth/jwt.go:100.2,109.12 6 1
github.com/harmonyflow/syncbridge/session-state-service/internal/auth/jwt.go:112.67,114.53 2 1
github.com/harmonyflow/syncbridge/session-state-service/internal/auth/jwt.go:114.53,115.44 1 0
github.com/harmonyflow/syncbridge/session-state-service/internal/auth/jwt.go:115.44,117.4 1 0
github.com/harmonyflow/syncbridge/session-state-service/internal/auth/jwt.go:118.3,118.37 1 0
github.com/harmonyflow/syncbridge/session-state-service/internal/auth/jwt.go:122.24,123.29 1 1
github.com/harmonyflow/syncbridge/session-state-service/internal/auth/jwt.go:123.29,125.3 1 1
github.com/harmonyflow/syncbridge/session-state-service/internal/auth/jwt.go:128.100,130.26 2 1
github.com/harmonyflow/syncbridge/session-state-service/internal/auth/jwt.go:130.26,132.3 1 0
github.com/harmonyflow/syncbridge/session-state-service/internal/auth/jwt.go:134.2,134.64 1 1
github.com/harmonyflow/syncbridge/session-state-service/internal/auth/jwt.go:134.64,136.17 2 1
github.com/harmonyflow/syncbridge/session-state-service/internal/auth/jwt.go:136.17,137.12 1 0
github.com/harmonyflow/syncbridge/session-state-service/internal/auth/jwt.go:140.3,151.17 3 1
github.com/harmonyflow/syncbridge/session-state-service/internal/auth/jwt.go:151.17,152.46 1 1
github.com/harmonyflow/syncbridge/session-state-service/internal/auth/jwt.go:152.46,157.5 1 1
github.com/harmonyflow/syncbridge/session-state-service/internal/auth/jwt.go:158.4,158.22 1 1
github.com/harmonyflow/syncbridge/session-state-service/internal/auth/jwt.go:161.3,161.75 1 1
github.com/harmonyflow/syncbridge/session-state-service/internal/auth/jwt.go:161.75,163.4 1 0
github.com/harmonyflow/syncbridge/session-state-service/internal/auth/jwt.go:166.2,166.29 1 0
github.com/harmonyflow/syncbridge/session-state-service/internal/auth/jwt.go:169.42,178.2 3 1
github.com/harmonyflow/syncbridge/session-state-service/internal/auth/middleware.go:32.64,37.2 1 1
github.com/harmonyflow/syncbridge/session-state-service/internal/auth/middleware.go:48.84,49.104 1 1
github.com/harmonyflow/syncbridge/session-state-service/internal/auth/middleware.go:49.104,50.58 1 1
github.com/harmonyflow/syncbridge/session-state-service/internal/auth/middleware.go:50.58,52.4 1 0
github.com/harmonyflow/syncbridge/session-state-service/internal/auth/middleware.go:53.3,53.38 1 1
github.com/harmonyflow/syncbridge/session-state-service/internal/auth/middleware.go:56.2,56.16 1 1
github.com/harmonyflow/syncbridge/session-state-service/internal/auth/middleware.go:56.16,58.19 1 1
github.com/harmonyflow/syncbridge/session-state-service/internal/auth/middleware.go:58.19,59.48 1 1
github.com/harmonyflow/syncbridge/session-state-service/internal/auth/middleware.go:59.48,68.32 2 1
github.com/harmonyflow/syncbridge/session-state-service/internal/auth/middleware.go:68.32,70.6 1 1
github.com/harmonyflow/syncbridge/session-state-service/internal/auth/middleware.go:71.5,71.44 1 1
github.com/harmonyflow/syncbridge/session-state-service/internal/auth/middleware.go:71.44,73.6 1 1
github.com/harmonyflow/syncbridge/session-state-service/internal/auth/middleware.go:74.5,74.39 1 1
github.com/harmonyflow/syncbridge/session-state-service/internal/auth/middleware.go:77.3,77.30 1 1
github.com/harmonyflow/syncbridge/session-state-service/internal/auth/middleware.go:80.2,80.61 1 1
github.com/harmonyflow/syncbridge/session-state-service/internal/auth/middleware.go:80.61,89.3 1 1
github.com/harmonyflow/syncbridge/session-state-service/internal/auth/middleware.go:91.2,91.29 1 0
github.com/harmonyflow/syncbridge/session-state-service/internal/auth/middleware.go:94.79,110.2 3 1
github.com/harmonyflow/syncbridge/session-state-service/internal/auth/middleware.go:112.91,114.52 2 1
github.com/harmonyflow/syncbridge/session-state-service/internal/auth/middleware.go:114.52,116.3 1 1
github.com/harmonyflow/syncbridge/session-state-service/internal/auth/middleware.go:118.2,118.19 1 1
github.com/harmonyflow/syncbridge/session-state-service/internal/auth/middleware.go:118.19,120.3 1 0
github.com/harmonyflow/syncbridge/session-state-service/internal/auth/middleware.go:122.2,123.16 2 1
github.com/harmonyflow/syncbridge/session-state-service/internal/auth/middleware.go:123.16,125.3 1 0
github.com/harmonyflow/syncbridge/session-state-service/internal/auth/middleware.go:127.2,127.30 1 1
github.com/harmonyflow/syncbridge/session-state-service/internal/auth/middleware.go:130.83,132.24 2 1
github.com/harmonyflow/syncbridge/session-state-service/internal/auth/middleware.go:132.24,134.3 1 1
github.com/harmonyflow/syncbridge/session-state-service/internal/auth/middleware.go:135.2,135.19 1 1
github.com/harmonyflow/syncbridge/session-state-service/internal/auth/middleware.go:138.77,139.29 1 1
github.com/harmonyflow/syncbridge/session-state-service/internal/auth/middleware.go:139.29,140.46 1 1
github.com/harmonyflow/syncbridge/session-state-service/internal/auth/middleware.go:140.46,142.4 1 1
github.com/harmonyflow/syncbridge/session-state-service/internal/auth/middleware.go:144.2,144.14 1 1
github.com/harmonyflow/syncbridge/session-state-service/internal/middleware/admin_auth.go:23.124,24.31 1 1
github.com/harmonyflow/syncbridge/session-state-service/internal/middleware/admin_auth.go:24.31,26.3 1 0
github.com/harmonyflow/syncbridge/session-state-service/internal/middleware/admin_auth.go:28.2,32.3 1 1
github.com/harmonyflow/syncbridge/session-state-service/internal/middleware/admin_auth.go:35.61,36.30 1 1
github.com/harmonyflow/syncbridge/session-state-service/internal/middleware/admin_auth.go:36.30,39.26 2 1
github.com/harmonyflow/syncbridge/session-state-service/internal/middleware/admin_auth.go:39.26,42.4 2 0
github.com/harmonyflow/syncbridge/session-state-service/internal/middleware/admin_auth.go:44.3,44.55 1 1
github.com/harmonyflow/syncbridge/session-state-service/internal/middleware/admin_auth.go:44.55,47.4 2 1
github.com/harmonyflow/syncbridge/session-state-service/internal/middleware/admin_auth.go:49.3,50.17 2 1
github.com/harmonyflow/syncbridge/session-state-service/internal/middleware/admin_auth.go:50.17,57.4 4 1
github.com/harmonyflow/syncbridge/session-state-service/internal/middleware/admin_auth.go:59.3,60.17 2 1
github.com/harmonyflow/syncbridge/session-state-service/internal/middleware/admin_auth.go:60.17,70.4 4 0
github.com/harmonyflow/syncbridge/session-state-service/internal/middleware/admin_auth.go:72.3,72.32 1 1
github.com/harmonyflow/syncbridge/session-state-service/internal/middleware/admin_auth.go:72.32,83.4 4 1
github.com/harmonyflow/syncbridge/session-state-service/internal/middleware/admin_auth.go:85.3,91.11 6 1
github.com/harmonyflow/syncbridge/session-state-service/internal/middleware/admin_auth.go:95.77,97.22 2 1
github.com/harmonyflow/syncbridge/session-state-service/internal/middleware/admin_auth.go:97.22,99.3 1 1
github.com/harmonyflow/syncbridge/session-state-service/internal/middleware/admin_auth.go:101.2,102.45 2 1
github.com/harmonyflow/syncbridge/session-state-service/internal/middleware/admin_auth.go:102.45,104.3 1 1
github.com/harmonyflow/syncbridge/session-state-service/internal/middleware/admin_auth.go:106.2,106.22 1 1
github.com/harmonyflow/syncbridge/session-state-service/internal/middleware/admin_auth.go:109.61,110.29 1 1
github.com/harmonyflow/syncbridge/session-state-service/internal/middleware/admin_auth.go:110.29,111.46 1 1
github.com/harmonyflow/syncbridge/session-state-service/internal/middleware/admin_auth.go:111.46,113.4 1 1
github.com/harmonyflow/syncbridge/session-state-service/internal/middleware/admin_auth.go:115.2,115.14 1 1
github.com/harmonyflow/syncbridge/session-state-service/internal/middleware/admin_auth.go:118.61,119.44 1 1
github.com/harmonyflow/syncbridge/session-state-service/internal/middleware/admin_auth.go:119.44,120.40 1 0
github.com/harmonyflow/syncbridge/session-state-service/internal/middleware/admin_auth.go:120.40,122.4 1 0
github.com/harmonyflow/syncbridge/session-state-service/internal/middleware/admin_auth.go:124.2,124.14 1 1
github.com/harmonyflow/syncbridge/session-state-service/internal/middleware/admin_auth.go:127.81,128.30 1 1
github.com/harmonyflow/syncbridge/session-state-service/internal/middleware/admin_auth.go:128.30,130.14 2 1
github.com/harmonyflow/syncbridge/session-state-service/internal/middleware/admin_auth.go:130.14,136.4 3 0
github.com/harmonyflow/syncbridge/session-state-service/internal/middleware/admin_auth.go:138.3,139.10 2 1
github.com/harmonyflow/syncbridge/session-state-service/internal/middleware/admin_auth.go:139.10,145.4 3 0
github.com/harmonyflow/syncbridge/session-state-service/internal/middleware/admin_auth.go:147.3,147.63 1 1
github.com/harmonyflow/syncbridge/session-state-service/internal/middleware/admin_auth.go:147.63,153.4 3 1
github.com/harmonyflow/syncbridge/session-state-service/internal/middleware/admin_auth.go:155.3,155.11 1 1
github.com/harmonyflow/syncbridge/session-state-service/internal/middleware/cors.go:26.76,27.34 1 1
github.com/harmonyflow/syncbridge/session-state-service/internal/middleware/cors.go:27.34,31.3 1 1
github.com/harmonyflow/syncbridge/session-state-service/internal/middleware/cors.go:33.2,33.34 1 1
github.com/harmonyflow/syncbridge/session-state-service/internal/middleware/cors.go:33.34,38.3 1 1
github.com/harmonyflow/syncbridge/session-state-service/internal/middleware/cors.go:40.2,40.34 1 1
github.com/harmonyflow/syncbridge/session-state-service/internal/middleware/cors.go:40.34,44.3 1 1
github.com/harmonyflow/syncbridge/session-state-service/internal/middleware/cors.go:46.2,46.21 1 1
github.com/harmonyflow/syncbridge/session-state-service/internal/middleware/cors.go:46.21,48.3 1 1
github.com/harmonyflow/syncbridge/session-state-service/internal/middleware/cors.go:50.2,53.3 1 1
github.com/harmonyflow/syncbridge/session-state-service/internal/middleware/cors.go:56.56,57.30 1 1
github.com/harmonyflow/syncbridge/session-state-service/internal/middleware/cors.go:57.30,61.26 3 1
github.com/harmonyflow/syncbridge/session-state-service/internal/middleware/cors.go:61.26,63.4 1 1
github.com/harmonyflow/syncbridge/session-state-service/internal/middleware/cors.go:63.9,65.4 1 1
github.com/harmonyflow/syncbridge/session-state-service/internal/middleware/cors.go:67.3,71.54 4 1
github.com/harmonyflow/syncbridge/session-state-service/internal/middleware/cors.go:71.54,73.4 1 1
github.com/harmonyflow/syncbridge/session-state-service/internal/middleware/cors.go:75.3,77.36 2 1
github.com/harmonyflow/syncbridge/session-state-service/internal/middleware/cors.go:77.36,80.4 2 1
github.com/harmonyflow/syncbridge/session-state-service/internal/middleware/cors.go:82.3,82.11 1 1
github.com/harmonyflow/syncbridge/session-state-service/internal/middleware/cors.go:86.63,87.18 1 0
github.com/harmonyflow/syncbridge/session-state-service/internal/middleware/cors.go:87.18,89.3 1 0
github.com/harmonyflow/syncbridge/session-state-service/internal/middleware/cors.go:91.2,91.54 1 0
github.com/harmonyflow/syncbridge/session-state-service/internal/middleware/cors.go:91.54,92.27 1 0
github.com/harmonyflow/syncbridge/session-state-service/internal/middleware/cors.go:92.27,94.4 1 0
github.com/harmonyflow/syncbridge/session-state-service/internal/middleware/cors.go:96.3,96.44 1 0
github.com/harmonyflow/syncbridge/session-state-service/internal/middleware/cors.go:96.44,98.4 1 0
github.com/harmonyflow/syncbridge/session-state-service/internal/middleware/cors.go:101.2,101.14 1 0
github.com/harmonyflow/syncbridge/session-state-service/internal/middleware/cors.go:104.68,105.23 1 1
github.com/harmonyflow/syncbridge/session-state-service/internal/middleware/cors.go:105.23,107.3 1 1
github.com/harmonyflow/syncbridge/session-state-service/internal/middleware/cors.go:109.2,109.20 1 1
github.com/harmonyflow/syncbridge/session-state-service/internal/middleware/cors.go:109.20,111.3 1 0
github.com/harmonyflow/syncbridge/session-state-service/internal/middleware/cors.go:113.2,113.38 1 1
github.com/harmonyflow/syncbridge/session-state-service/internal/middleware/cors.go:113.38,116.3 2 0
github.com/harmonyflow/syncbridge/session-state-service/internal/middleware/cors.go:118.2,118.85 1 1
github.com/harmonyflow/syncbridge/session-state-service/internal/middleware/cors.go:118.85,119.41 1 1
github.com/harmonyflow/syncbridge/session-state-service/internal/middleware/cors.go:119.41,122.4 2 0
github.com/harmonyflow/syncbridge/session-state-service/internal/middleware/cors.go:125.2,125.14 1 1
github.com/harmonyflow/syncbridge/session-state-service/internal/middleware/cors.go:128.52,129.49 1 1
github.com/harmonyflow/syncbridge/session-state-service/internal/middleware/cors.go:129.49,130.25 1 1
github.com/harmonyflow/syncbridge/session-state-service/internal/middleware/cors.go:130.25,132.4 1 0
github.com/harmonyflow/syncbridge/session-state-service/internal/middleware/cors.go:134.2,134.63 1 1
github.com/harmonyflow/syncbridge/session-state-service/internal/middleware/cors.go:137.55,138.49 1 1
github.com/harmonyflow/syncbridge/session-state-service/internal/middleware/cors.go:138.49,139.25 1 1
github.com/harmonyflow/syncbridge/session-state-service/internal/middleware/cors.go:139.25,142.4 2 1
github.com/harmonyflow/syncbridge/session-state-service/internal/middleware/cors.go:146.73,147.25 1 1
github.com/harmonyflow/syncbridge/session-state-service/internal/middleware/cors.go:147.25,149.3 1 1
github.com/harmonyflow/syncbridge/session-state-service/internal/middleware/cors.go:151.2,151.54 1 1
github.com/harmonyflow/syncbridge/session-state-service/internal/middleware/cors.go:151.54,152.27 1 1
github.com/harmonyflow/syncbridge/session-state-service/internal/middleware/cors.go:152.27,154.4 1 1
github.com/harmonyflow/syncbridge/session-state-service/internal/middleware/cors.go:156.3,156.51 1 1
github.com/harmonyflow/syncbridge/session-state-service/internal/middleware/cors.go:156.51,158.4 1 1
github.com/harmonyflow/syncbridge/session-state-service/internal/middleware/cors.go:161.2,161.11 1 1
github.com/harmonyflow/syncbridge/session-state-service/internal/middleware/csrf.go:33.103,34.26 1 0
github.com/harmonyflow/syncbridge/session-state-service/internal/middleware/csrf.go:34.26,36.3 1 0
github.com/harmonyflow/syncbridge/session-state-service/internal/middleware/csrf.go:37.2,37.23 1 0
github.com/harmonyflow/syncbridge/session-state-service/internal/middleware/csrf.go:37.23,39.3 1 0
github.com/harmonyflow/syncbridge/session-state-service/internal/middleware/csrf.go:40.2,40.26 1 0
github.com/harmonyflow/syncbridge/session-state-service/internal/middleware/csrf.go:40.26,42.3 1 0
github.com/harmonyflow/syncbridge/session-state-service/internal/middleware/csrf.go:43.2,43.26 1 0
github.com/harmonyflow/syncbridge/session-state-service/internal/middleware/csrf.go:43.26,45.3 1 0
github.com/harmonyflow/syncbridge/session-state-service/internal/middleware/csrf.go:46.2,46.34 1 0
github.com/harmonyflow/syncbridge/session-state-service/internal/middleware/csrf.go:46.34,48.3 1 0
github.com/harmonyflow/syncbridge/session-state-service/internal/middleware/csrf.go:50.2,54.3 1 0
github.com/harmonyflow/syncbridge/session-state-service/internal/middleware/csrf.go:57.56,58.30 1 0
github.com/harmonyflow/syncbridge/session-state-service/internal/middleware/csrf.go:58.30,60.33 2 0
github.com/harmonyflow/syncbridge/session-state-service/internal/middleware/csrf.go:60.33,64.4 3 0
github.com/harmonyflow/syncbridge/session-state-service/internal/middleware/csrf.go:66.3,67.18 2 0
github.com/harmonyflow/syncbridge/session-state-service/internal/middleware/csrf.go:67.18,73.4 3 0
github.com/harmonyflow/syncbridge/session-state-service/internal/middleware/csrf.go:75.3,76.27 2 0
github.com/harmonyflow/syncbridge/session-state-service/internal/middleware/csrf.go:76.27,82.4 3 0
github.com/harmonyflow/syncbridge/session-state-service/internal/middleware/csrf.go:84.3,85.11 2 0
github.com/harmonyflow/syncbridge/session-state-service/internal/middleware/csrf.go:89.91,91.16 2 0
github.com/harmonyflow/syncbridge/session-state-service/internal/middleware/csrf.go:91.16,93.3 1 0
github.com/harmonyflow/syncbridge/session-state-service/internal/middleware/csrf.go:95.2,97.16 3 0
github.com/harmonyflow/syncbridge/session-state-service/internal/middleware/csrf.go:97.16,99.3 1 0
github.com/harmonyflow/syncbridge/session-state-service/internal/middleware/csrf.go:101.2,102.19 2 0
github.com/harmonyflow/syncbridge/session-state-service/internal/middleware/csrf.go:105.63,107.48 2 0
github.com/harmonyflow/syncbridge/session-state-service/internal/middleware/csrf.go:107.48,108.41 1 0
github.com/harmonyflow/syncbridge/session-state-service/internal/middleware/csrf.go:108.41,110.4 1 0
github.com/harmonyflow/syncbridge/session-state-service/internal/middleware/csrf.go:112.2,112.14 1 0
github.com/harmonyflow/syncbridge/session-state-service/internal/middleware/csrf.go:115.63,117.17 2 0
github.com/harmonyflow/syncbridge/session-state-service/internal/middleware/csrf.go:117.17,119.3 1 0
github.com/harmonyflow/syncbridge/session-state-service/internal/middleware/csrf.go:121.2,121.60 1 0
github.com/harmonyflow/syncbridge/session-state-service/internal/middleware/csrf.go:121.60,123.3 1 0
github.com/harmonyflow/syncbridge/session-state-service/internal/middleware/csrf.go:125.2,125.11 1 0
github.com/harmonyflow/syncbridge/session-state-service/internal/middleware/csrf.go:128.66,130.17 2 0
github.com/harmonyflow/syncbridge/session-state-service/internal/middleware/csrf.go:130.17,131.61 1 0
github.com/harmonyflow/syncbridge/session-state-service/internal/middleware/csrf.go:131.61,133.4 1 0
github.com/harmonyflow/syncbridge/session-state-service/internal/middleware/csrf.go:136.2,136.17 1 0
github.com/harmonyflow/syncbridge/session-state-service/internal/middleware/csrf.go:136.17,138.22 2 0
github.com/harmonyflow/syncbridge/session-state-service/internal/middleware/csrf.go:138.22,140.4 1 0
github.com/harmonyflow/syncbridge/session-state-service/internal/middleware/csrf.go:141.3,141.22 1 0
github.com/harmonyflow/syncbridge/session-state-service/internal/middleware/csrf.go:141.22,142.67 1 0
github.com/harmonyflow/syncbridge/session-state-service/internal/middleware/csrf.go:142.67,144.5 1 0
github.com/harmonyflow/syncbridge/session-state-service/internal/middleware/csrf.go:148.2,148.17 1 0
github.com/harmonyflow/syncbridge/session-state-service/internal/middleware/csrf.go:148.17,150.3 1 0
github.com/harmonyflow/syncbridge/session-state-service/internal/middleware/csrf.go:153.106,155.21 2 0
github.com/harmonyflow/syncbridge/session-state-service/internal/middleware/csrf.go:155.21,157.3 1 0
github.com/harmonyflow/syncbridge/session-state-service/internal/middleware/csrf.go:158.2,158.21 1 0
github.com/harmonyflow/syncbridge/session-state-service/internal/middleware/csrf.go:158.21,160.3 1 0
github.com/harmonyflow/syncbridge/session-state-service/internal/middleware/csrf.go:162.2,164.16 3 0
github.com/harmonyflow/syncbridge/session-state-service/internal/middleware/csrf.go:164.16,166.3 1 0
github.com/harmonyflow/syncbridge/session-state-service/internal/middleware/csrf.go:168.2,168.34 1 0
github.com/harmonyflow/syncbridge/session-state-service/internal/middleware/csrf.go:171.65,174.16 3 0
github.com/harmonyflow/syncbridge/session-state-service/internal/middleware/csrf.go:174.16,176.3 1 0
github.com/harmonyflow/syncbridge/session-state-service/internal/middleware/csrf.go:177.2,177.50 1 0
github.com/harmonyflow/syncbridge/session-state-service/internal/middleware/csrf.go:180.64,182.2 1 0
github.com/harmonyflow/syncbridge/session-state-service/internal/middleware/csrf.go:184.72,196.2 3 0
github.com/harmonyflow/syncbridge/session-state-service/internal/middleware/csrf.go:198.72,199.35 1 0
github.com/harmonyflow/syncbridge/session-state-service/internal/middleware/csrf.go:200.16,201.33 1 0
github.com/harmonyflow/syncbridge/session-state-service/internal/middleware/csrf.go:202.13,203.30 1 0
github.com/harmonyflow/syncbridge/session-state-service/internal/middleware/csrf.go:204.14,205.31 1 0
github.com/harmonyflow/syncbridge/session-state-service/internal/middleware/csrf.go:206.10,207.30 1 0
github.com/harmonyflow/syncbridge/session-state-service/internal/middleware/ratelimiter.go:30.104,36.2 1 0
github.com/harmonyflow/syncbridge/session-state-service/internal/middleware/ratelimiter.go:38.53,39.30 1 0
github.com/harmonyflow/syncbridge/session-state-service/internal/middleware/ratelimiter.go:39.30,43.21 3 0
github.com/harmonyflow/syncbridge/session-state-service/internal/middleware/ratelimiter.go:43.21,46.4 2 0
github.com/harmonyflow/syncbridge/session-state-service/internal/middleware/ratelimiter.go:48.3,49.17 2 0
github.com/harmonyflow/syncbridge/session-state-service/internal/middleware/ratelimiter.go:49.17,51.4 1 0
github.com/harmonyflow/syncbridge/session-state-service/internal/middleware/ratelimiter.go:53.3,53.14 1 0
github.com/harmonyflow/syncbridge/session-state-service/internal/middleware/ratelimiter.go:53.14,60.4 3 0
github.com/harmonyflow/syncbridge/session-state-service/internal/middleware/ratelimiter.go:62.3,63.19 2 0
github.com/harmonyflow/syncbridge/session-state-service/internal/middleware/ratelimiter.go:63.19,64.68 1 0
github.com/harmonyflow/syncbridge/session-state-service/internal/middleware/ratelimiter.go:64.68,66.48 2 0
github.com/harmonyflow/syncbridge/session-state-service/internal/middleware/ratelimiter.go:66.48,68.6 1 0
github.com/harmonyflow/syncbridge/session-state-service/internal/middleware/ratelimiter.go:72.3,72.19 1 0
github.com/harmonyflow/syncbridge/session-state-service/internal/middleware/ratelimiter.go:72.19,74.18 2 0
github.com/harmonyflow/syncbridge/session-state-service/internal/middleware/ratelimiter.go:74.18,76.5 1 0
github.com/harmonyflow/syncbridge/session-state-service/internal/middleware/ratelimiter.go:78.4,78.15 1 0
github.com/harmonyflow/syncbridge/session-state-service/internal/middleware/ratelimiter.go:78.15,85.5 3 0
github.com/harmonyflow/syncbridge/session-state-service/internal/middleware/ratelimiter.go:88.3,89.11 2 0
github.com/harmonyflow/syncbridge/session-state-service/internal/middleware/ratelimiter.go:93.97,99.16 5 0
github.com/harmonyflow/syncbridge/session-state-service/internal/middleware/ratelimiter.go:99.16,101.3 1 0
github.com/harmonyflow/syncbridge/session-state-service/internal/middleware/ratelimiter.go:103.2,103.18 1 0
github.com/harmonyflow/syncbridge/session-state-service/internal/middleware/ratelimiter.go:103.18,105.3 1 0
github.com/harmonyflow/syncbridge/session-state-service/internal/middleware/ratelimiter.go:107.2,107.36 1 0
github.com/harmonyflow/syncbridge/session-state-service/internal/middleware/ratelimiter.go:110.50,112.21 2 0
github.com/harmonyflow/syncbridge/session-state-service/internal/middleware/ratelimiter.go:112.21,114.3 1 0
github.com/harmonyflow/syncbridge/session-state-service/internal/middleware/ratelimiter.go:115.2,115.11 1 0
github.com/harmonyflow/syncbridge/session-state-service/internal/middleware/security.go:26.88,28.16 2 0
github.com/harmonyflow/syncbridge/session-state-service/internal/middleware/security.go:28.16,31.3 2 0
github.com/harmonyflow/syncbridge/session-state-service/internal/middleware/security.go:33.2,37.3 1 0
github.com/harmonyflow/syncbridge/session-state-service/internal/middleware/security.go:40.59,41.30 1 0
github.com/harmonyflow/syncbridge/session-state-service/internal/middleware/security.go:41.30,43.3 1 0
github.com/harmonyflow/syncbridge/session-state-service/internal/middleware/security.go:46.54,47.30 1 0
github.com/harmonyflow/syncbridge/session-state-service/internal/middleware/security.go:47.30,49.3 1 0
github.com/harmonyflow/syncbridge/session-state-service/internal/middleware/security.go:52.54,63.2 3 0
github.com/harmonyflow/syncbridge/session-state-service/internal/middleware/security.go:65.62,66.30 1 0
github.com/harmonyflow/syncbridge/session-state-service/internal/middleware/security.go:66.30,68.18 2 0
github.com/harmonyflow/syncbridge/session-state-service/internal/middleware/security.go:68.18,74.4 3 0
github.com/harmonyflow/syncbridge/session-state-service/internal/middleware/security.go:76.3,76.89 1 0
github.com/harmonyflow/syncbridge/session-state-service/internal/middleware/security.go:76.89,77.73 1 0
github.com/harmonyflow/syncbridge/session-state-service/internal/middleware/security.go:77.73,83.5 3 0
github.com/harmonyflow/syncbridge/session-state-service/internal/middleware/security.go:86.3,86.11 1 0
github.com/harmonyflow/syncbridge/session-state-service/internal/middleware/security.go:90.54,94.21 3 0
github.com/harmonyflow/syncbridge/session-state-service/internal/middleware/security.go:94.22,95.3 0 0
github.com/harmonyflow/syncbridge/session-state-service/internal/protocol/websocket.go:40.39,58.26 2 1
github.com/harmonyflow/syncbridge/session-state-service/internal/protocol/websocket.go:58.26,60.3 1 1
github.com/harmonyflow/syncbridge/session-state-service/internal/protocol/websocket.go:61.2,61.18 1 0
github.com/harmonyflow/syncbridge/session-state-service/internal/protocol/websocket.go:111.46,122.2 1 1
github.com/harmonyflow/syncbridge/session-state-service/internal/protocol/websocket.go:124.25,125.6 1 1
github.com/harmonyflow/syncbridge/session-state-service/internal/protocol/websocket.go:125.6,126.10 1 1
github.com/harmonyflow/syncbridge/session-state-service/internal/protocol/websocket.go:127.29,128.30 1 1
github.com/harmonyflow/syncbridge/session-state-service/internal/protocol/websocket.go:129.31,130.32 1 1
github.com/harmonyflow/syncbridge/session-state-service/internal/protocol/websocket.go:131.29,132.26 1 1
github.com/harmonyflow/syncbridge/session-state-service/internal/protocol/websocket.go:133.29,134.29 1 1
github.com/harmonyflow/syncbridge/session-state-service/internal/protocol/websocket.go:139.56,145.44 4 1
github.com/harmonyflow/syncbridge/session-state-service/internal/protocol/websocket.go:145.44,147.3 1 1
github.com/harmonyflow/syncbridge/session-state-service/internal/protocol/websocket.go:148.2,150.25 2 1
github.com/harmonyflow/syncbridge/session-state-service/internal/protocol/websocket.go:150.25,152.3 1 1
github.com/harmonyflow/syncbridge/session-state-service/internal/protocol/websocket.go:154.2,155.43 2 1
github.com/harmonyflow/syncbridge/session-state-service/internal/protocol/websocket.go:155.43,157.3 1 1
github.com/harmonyflow/syncbridge/session-state-service/internal/protocol/websocket.go:159.2,166.47 2 1
github.com/harmonyflow/syncbridge/session-state-service/internal/protocol/websocket.go:166.47,168.3 1 1
github.com/harmonyflow/syncbridge/session-state-service/internal/protocol/websocket.go:171.58,175.41 3 1
github.com/harmonyflow/syncbridge/session-state-service/internal/protocol/websocket.go:175.41,179.52 3 1
github.com/harmonyflow/syncbridge/session-state-service/internal/protocol/websocket.go:179.52,181.27 2 1
github.com/harmonyflow/syncbridge/session-state-service/internal/protocol/websocket.go:181.27,183.5 1 1
github.com/harmonyflow/syncbridge/session-state-service/internal/protocol/websocket.go:186.3,186.26 1 1
github.com/harmonyflow/syncbridge/session-state-service/internal/protocol/websocket.go:186.26,188.4 1 1
github.com/harmonyflow/syncbridge/session-state-service/internal/protocol/websocket.go:190.3,191.27 2 1
github.com/harmonyflow/syncbridge/session-state-service/internal/protocol/websocket.go:191.27,193.4 1 0
github.com/harmonyflow/syncbridge/session-state-service/internal/protocol/websocket.go:195.3,202.48 2 1
github.com/harmonyflow/syncbridge/session-state-service/internal/protocol/websocket.go:202.48,204.4 1 0
github.com/harmonyflow/syncbridge/session-state-service/internal/protocol/websocket.go:208.48,214.22 4 1
github.com/harmonyflow/syncbridge/session-state-service/internal/protocol/websocket.go:214.22,215.51 1 1
github.com/harmonyflow/syncbridge/session-state-service/internal/protocol/websocket.go:215.51,216.35 1 0
github.com/harmonyflow/syncbridge/session-state-service/internal/protocol/websocket.go:216.35,217.53 1 0
github.com/harmonyflow/syncbridge/session-state-service/internal/protocol/websocket.go:217.53,218.13 1 0
github.com/harmonyflow/syncbridge/session-state-service/internal/protocol/websocket.go:219.48,220.23 1 0
github.com/harmonyflow/syncbridge/session-state-service/internal/protocol/websocket.go:221.14,224.8 1 0
github.com/harmonyflow/syncbridge/session-state-service/internal/protocol/websocket.go:232.51,236.37 3 1
github.com/harmonyflow/syncbridge/session-state-service/internal/protocol/websocket.go:236.37,237.19 1 0
github.com/harmonyflow/syncbridge/session-state-service/internal/protocol/websocket.go:237.19,238.11 1 0
github.com/harmonyflow/syncbridge/session-state-service/internal/protocol/websocket.go:239.46,239.46 0 0
github.com/harmonyflow/syncbridge/session-state-service/internal/protocol/websocket.go:240.12,243.6 1 0
github.com/harmonyflow/syncbridge/session-state-service/internal/protocol/websocket.go:249.56,264.51 2 1
github.com/harmonyflow/syncbridge/session-state-service/internal/protocol/websocket.go:264.51,265.39 1 1
github.com/harmonyflow/syncbridge/session-state-service/internal/protocol/websocket.go:265.39,266.31 1 1
github.com/harmonyflow/syncbridge/session-state-service/internal/protocol/websocket.go:266.31,267.12 1 0
github.com/harmonyflow/syncbridge/session-state-service/internal/protocol/websocket.go:268.52,268.52 0 0
github.com/harmonyflow/syncbridge/session-state-service/internal/protocol/websocket.go:269.13,269.13 0 0
github.com/harmonyflow/syncbridge/session-state-service/internal/protocol/websocket.go:276.54,289.51 2 0
github.com/harmonyflow/syncbridge/session-state-service/internal/protocol/websocket.go:289.51,290.39 1 0
github.com/harmonyflow/syncbridge/session-state-service/internal/protocol/websocket.go:290.39,291.11 1 0
github.com/harmonyflow/syncbridge/session-state-service/internal/protocol/websocket.go:292.51,292.51 0 0
github.com/harmonyflow/syncbridge/session-state-service/internal/protocol/websocket.go:293.12,293.12 0 0
github.com/harmonyflow/syncbridge/session-state-service/internal/protocol/websocket.go:299.64,304.2 4 1
github.com/harmonyflow/syncbridge/session-state-service/internal/protocol/websocket.go:306.67,311.46 4 1
github.com/harmonyflow/syncbridge/session-state-service/internal/protocol/websocket.go:311.46,312.34 1 1
github.com/harmonyflow/syncbridge/session-state-service/internal/protocol/websocket.go:312.34,314.4 1 1
github.com/harmonyflow/syncbridge/session-state-service/internal/protocol/websocket.go:316.2,316.14 1 1
github.com/harmonyflow/syncbridge/session-state-service/internal/protocol/websocket.go:319.76,324.2 4 1
github.com/harmonyflow/syncbridge/session-state-service/internal/protocol/websocket.go:326.44,330.2 3 1
github.com/harmonyflow/syncbridge/session-state-service/internal/protocol/websocket.go:332.49,336.2 3 1
github.com/harmonyflow/syncbridge/session-state-service/internal/protocol/websocket.go:338.46,342.2 3 1
github.com/harmonyflow/syncbridge/session-state-service/internal/protocol/websocket.go:344.66,348.2 3 1
github.com/harmonyflow/syncbridge/session-state-service/internal/protocol/websocket.go:350.57,355.46 4 1
github.com/harmonyflow/syncbridge/session-state-service/internal/protocol/websocket.go:355.46,356.34 1 1
github.com/harmonyflow/syncbridge/session-state-service/internal/protocol/websocket.go:356.34,357.27 1 1
github.com/harmonyflow/syncbridge/session-state-service/internal/protocol/websocket.go:357.27,359.5 1 1
github.com/harmonyflow/syncbridge/session-state-service/internal/protocol/websocket.go:362.2,362.23 1 1
github.com/harmonyflow/syncbridge/session-state-service/internal/protocol/websocket.go:365.64,370.41 4 1
github.com/harmonyflow/syncbridge/session-state-service/internal/protocol/websocket.go:370.41,372.30 2 1
github.com/harmonyflow/syncbridge/session-state-service/internal/protocol/websocket.go:372.30,373.27 1 1
github.com/harmonyflow/syncbridge/session-state-service/internal/protocol/websocket.go:373.27,375.5 1 1
github.com/harmonyflow/syncbridge/session-state-service/internal/protocol/websocket.go:377.3,377.35 1 1
github.com/harmonyflow/syncbridge/session-state-service/internal/protocol/websocket.go:377.35,379.4 1 1
github.com/harmonyflow/syncbridge/session-state-service/internal/protocol/websocket.go:381.2,381.15 1 1
github.com/harmonyflow/syncbridge/session-state-service/internal/protocol/websocket.go:384.46,386.2 1 1
github.com/harmonyflow/syncbridge/session-state-service/internal/protocol/websocket.go:388.48,390.2 1 1
github.com/harmonyflow/syncbridge/session-state-service/internal/protocol/websocket.go:392.42,394.2 1 1
github.com/harmonyflow/syncbridge/session-state-service/internal/protocol/websocket.go:396.49,398.2 1 1
github.com/harmonyflow/syncbridge/session-state-service/internal/protocol/websocket.go:400.53,405.8 4 1
github.com/harmonyflow/syncbridge/session-state-service/internal/protocol/websocket.go:405.8,407.3 1 1
github.com/harmonyflow/syncbridge/session-state-service/internal/protocol/websocket.go:410.105,420.2 1 1
github.com/harmonyflow/syncbridge/session-state-service/internal/protocol/websocket.go:422.64,423.15 1 0
github.com/harmonyflow/syncbridge/session-state-service/internal/protocol/websocket.go:423.15,426.3 2 0
github.com/harmonyflow/syncbridge/session-state-service/internal/protocol/websocket.go:428.2,430.43 3 0
github.com/harmonyflow/syncbridge/session-state-service/internal/protocol/websocket.go:430.43,436.3 5 0
github.com/harmonyflow/syncbridge/session-state-service/internal/protocol/websocket.go:438.2,438.6 1 0
github.com/harmonyflow/syncbridge/session-state-service/internal/protocol/websocket.go:438.6,441.17 3 0
github.com/harmonyflow/syncbridge/session-state-service/internal/protocol/websocket.go:441.17,442.103 1 0
github.com/harmonyflow/syncbridge/session-state-service/internal/protocol/websocket.go:442.103,444.5 1 0
github.com/harmonyflow/syncbridge/session-state-service/internal/protocol/websocket.go:445.4,445.9 1 0
github.com/harmonyflow/syncbridge/session-state-service/internal/protocol/websocket.go:448.3,449.21 2 0
github.com/harmonyflow/syncbridge/session-state-service/internal/protocol/websocket.go:453.34,455.15 2 0
github.com/harmonyflow/syncbridge/session-state-service/internal/protocol/websocket.go:455.15,458.3 2 0
github.com/harmonyflow/syncbridge/session-state-service/internal/protocol/websocket.go:460.2,460.6 1 0
github.com/harmonyflow/syncbridge/session-state-service/internal/protocol/websocket.go:460.6,461.10 1 0
github.com/harmonyflow/syncbridge/session-state-service/internal/protocol/websocket.go:462.32,464.11 2 0
github.com/harmonyflow/syncbridge/session-state-service/internal/protocol/websocket.go:464.11,467.5 2 0
github.com/harmonyflow/syncbridge/session-state-service/internal/protocol/websocket.go:469.4,470.18 2 0
github.com/harmonyflow/syncbridge/session-state-service/internal/protocol/websocket.go:470.18,472.5 1 0
github.com/harmonyflow/syncbridge/session-state-service/internal/protocol/websocket.go:473.4,476.27 3 0
github.com/harmonyflow/syncbridge/session-state-service/internal/protocol/websocket.go:476.27,479.5 2 0
github.com/harmonyflow/syncbridge/session-state-service/internal/protocol/websocket.go:481.4,481.36 1 0
github.com/harmonyflow/syncbridge/session-state-service/internal/protocol/websocket.go:481.36,483.5 1 0
github.com/harmonyflow/syncbridge/session-state-service/internal/protocol/websocket.go:485.19,487.74 2 0
github.com/harmonyflow/syncbridge/session-state-service/internal/protocol/websocket.go:487.74,489.5 1 0
github.com/harmonyflow/syncbridge/session-state-service/internal/protocol/websocket.go:494.69,502.2 7 1
github.com/harmonyflow/syncbridge/session-state-service/internal/protocol/websocket.go:504.70,509.2 4 1
github.com/harmonyflow/syncbridge/session-state-service/internal/protocol/websocket.go:511.45,515.2 3 1
github.com/harmonyflow/syncbridge/session-state-service/internal/protocol/websocket.go:517.54,528.2 3 1
github.com/harmonyflow/syncbridge/session-state-service/internal/protocol/websocket.go:530.56,533.2 2 0
github.com/harmonyflow/syncbridge/session-state-service/internal/protocol/websocket.go:535.80,541.2 1 1
github.com/harmonyflow/syncbridge/session-state-service/internal/protocol/websocket.go:543.69,553.2 1 1
github.com/harmonyflow/syncbridge/session-state-service/internal/redis/client.go:29.65,42.44 4 1
github.com/harmonyflow/syncbridge/session-state-service/internal/redis/client.go:42.44,44.3 1 1
github.com/harmonyflow/syncbridge/session-state-service/internal/redis/client.go:46.2,54.8 2 0
github.com/harmonyflow/syncbridge/session-state-service/internal/redis/client.go:57.32,59.2 1 0
github.com/harmonyflow/syncbridge/session-state-service/internal/redis/client.go:61.92,64.27 2 0
github.com/harmonyflow/syncbridge/session-state-service/internal/redis/client.go:64.27,66.3 1 0
github.com/harmonyflow/syncbridge/session-state-service/internal/redis/client.go:68.2,69.16 2 0
github.com/harmonyflow/syncbridge/session-state-service/internal/redis/client.go:69.16,71.3 1 0
github.com/harmonyflow/syncbridge/session-state-service/internal/redis/client.go:73.2,84.16 10 0
github.com/harmonyflow/syncbridge/session-state-service/internal/redis/client.go:84.16,86.3 1 0
github.com/harmonyflow/syncbridge/session-state-service/internal/redis/client.go:88.2,95.12 2 0
github.com/harmonyflow/syncbridge/session-state-service/internal/redis/client.go:98.102,102.22 3 0
github.com/harmonyflow/syncbridge/session-state-service/internal/redis/client.go:102.22,104.3 1 0
github.com/harmonyflow/syncbridge/session-state-service/internal/redis/client.go:105.2,105.16 1 0
github.com/harmonyflow/syncbridge/session-state-service/internal/redis/client.go:105.16,107.3 1 0
github.com/harmonyflow/syncbridge/session-state-service/internal/redis/client.go:109.2,110.56 2 0
github.com/harmonyflow/syncbridge/session-state-service/internal/redis/client.go:110.56,112.3 1 0
github.com/harmonyflow/syncbridge/session-state-service/internal/redis/client.go:114.2,114.23 1 0
github.com/harmonyflow/syncbridge/session-state-service/internal/redis/client.go:117.128,119.16 2 0
github.com/harmonyflow/syncbridge/session-state-service/internal/redis/client.go:119.16,121.3 1 0
github.com/harmonyflow/syncbridge/session-state-service/internal/redis/client.go:122.2,122.21 1 0
github.com/harmonyflow/syncbridge/session-state-service/internal/redis/client.go:122.21,124.3 1 0
github.com/harmonyflow/syncbridge/session-state-service/internal/redis/client.go:126.2,126.48 1 0
github.com/harmonyflow/syncbridge/session-state-service/internal/redis/client.go:126.48,132.3 1 0
github.com/harmonyflow/syncbridge/session-state-service/internal/redis/client.go:134.2,134.22 1 0
github.com/harmonyflow/syncbridge/session-state-service/internal/redis/client.go:137.102,139.16 2 0
github.com/harmonyflow/syncbridge/session-state-service/internal/redis/client.go:139.16,141.3 1 0
github.com/harmonyflow/syncbridge/session-state-service/internal/redis/client.go:143.2,143.21 1 0
github.com/harmonyflow/syncbridge/session-state-service/internal/redis/client.go:143.21,153.3 1 0
github.com/harmonyflow/syncbridge/session-state-service/internal/redis/client.go:155.2,155.41 1 0
github.com/harmonyflow/syncbridge/session-state-service/internal/redis/client.go:155.41,157.3 1 0
github.com/harmonyflow/syncbridge/session-state-service/internal/redis/client.go:159.2,159.41 1 0
github.com/harmonyflow/syncbridge/session-state-service/internal/redis/client.go:159.41,161.3 1 0
github.com/harmonyflow/syncbridge/session-state-service/internal/redis/client.go:163.2,166.38 3 0
github.com/harmonyflow/syncbridge/session-state-service/internal/redis/client.go:169.88,173.16 3 0
github.com/harmonyflow/syncbridge/session-state-service/internal/redis/client.go:173.16,175.3 1 0
github.com/harmonyflow/syncbridge/session-state-service/internal/redis/client.go:177.2,177.22 1 0
github.com/harmonyflow/syncbridge/session-state-service/internal/redis/client.go:180.93,189.16 7 0
github.com/harmonyflow/syncbridge/session-state-service/internal/redis/client.go:189.16,191.3 1 0
github.com/harmonyflow/syncbridge/session-state-service/internal/redis/client.go:193.2,198.12 2 0
github.com/harmonyflow/syncbridge/session-state-service/internal/redis/client.go:201.81,204.76 2 0
github.com/harmonyflow/syncbridge/session-state-service/internal/redis/client.go:204.76,206.3 1 0
github.com/harmonyflow/syncbridge/session-state-service/internal/redis/client.go:208.2,208.12 1 0
github.com/harmonyflow/syncbridge/session-state-service/internal/redis/client.go:211.57,213.2 1 0
github.com/harmonyflow/syncbridge/session-state-service/internal/redis/client.go:215.82,217.16 2 0
github.com/harmonyflow/syncbridge/session-state-service/internal/redis/client.go:217.16,219.3 1 0
github.com/harmonyflow/syncbridge/session-state-service/internal/redis/client.go:221.2,223.8 1 0
github.com/harmonyflow/syncbridge/session-state-service/internal/redis/client.go:226.87,232.16 5 0
github.com/harmonyflow/syncbridge/session-state-service/internal/redis/client.go:232.16,234.3 1 0
github.com/harmonyflow/syncbridge/session-state-service/internal/redis/client.go:236.2,244.16 8 0
github.com/harmonyflow/syncbridge/session-state-service/internal/redis/client.go:244.16,246.3 1 0
github.com/harmonyflow/syncbridge/session-state-service/internal/redis/client.go:248.2,253.12 2 0
github.com/harmonyflow/syncbridge/session-state-service/internal/redis/client.go:256.83,259.82 2 0
github.com/harmonyflow/syncbridge/session-state-service/internal/redis/client.go:259.82,261.3 1 0
github.com/harmonyflow/syncbridge/session-state-service/internal/redis/client.go:263.2,263.12 1 0
github.com/harmonyflow/syncbridge/session-state-service/internal/redis/client.go:266.98,270.22 3 0
github.com/harmonyflow/syncbridge/session-state-service/internal/redis/client.go:270.22,272.3 1 0
github.com/harmonyflow/syncbridge/session-state-service/internal/redis/client.go:273.2,273.16 1 0
github.com/harmonyflow/syncbridge/session-state-service/internal/redis/client.go:273.16,275.3 1 0
github.com/harmonyflow/syncbridge/session-state-service/internal/redis/client.go:277.2,278.54 2 0
github.com/harmonyflow/syncbridge/session-state-service/internal/redis/client.go:278.54,280.3 1 0
github.com/harmonyflow/syncbridge/session-state-service/internal/redis/client.go:282.2,282.21 1 0
github.com/harmonyflow/syncbridge/session-state-service/internal/redis/client.go:285.99,289.16 3 0
github.com/harmonyflow/syncbridge/session-state-service/internal/redis/client.go:289.16,291.3 1 0
github.com/harmonyflow/syncbridge/session-state-service/internal/redis/client.go:293.2,294.37 2 0
github.com/harmonyflow/syncbridge/session-state-service/internal/redis/client.go:294.37,296.17 2 0
github.com/harmonyflow/syncbridge/session-state-service/internal/redis/client.go:296.17,298.12 2 0
github.com/harmonyflow/syncbridge/session-state-service/internal/redis/client.go:300.3,300.20 1 0
github.com/harmonyflow/syncbridge/session-state-service/internal/redis/client.go:300.20,302.4 1 0
github.com/harmonyflow/syncbridge/session-state-service/internal/redis/client.go:305.2,305.21 1 0
github.com/harmonyflow/syncbridge/session-state-service/internal/redis/client.go:308.105,312.16 3 0
github.com/harmonyflow/syncbridge/session-state-service/internal/redis/client.go:312.16,314.3 1 0
github.com/harmonyflow/syncbridge/session-state-service/internal/redis/client.go:316.2,317.37 2 0
github.com/harmonyflow/syncbridge/session-state-service/internal/redis/client.go:317.37,319.17 2 0
github.com/harmonyflow/syncbridge/session-state-service/internal/redis/client.go:319.17,321.12 2 0
github.com/harmonyflow/syncbridge/session-state-service/internal/redis/client.go:323.3,323.20 1 0
github.com/harmonyflow/syncbridge/session-state-service/internal/redis/client.go:323.20,325.4 1 0
github.com/harmonyflow/syncbridge/session-state-service/internal/redis/client.go:328.2,328.21 1 0
github.com/harmonyflow/syncbridge/session-state-service/internal/redis/client.go:331.108,342.16 9 0
github.com/harmonyflow/syncbridge/session-state-service/internal/redis/client.go:342.16,344.3 1 0
github.com/harmonyflow/syncbridge/session-state-service/internal/redis/client.go:346.2,351.12 2 0
github.com/harmonyflow/syncbridge/session-state-service/internal/redis/client.go:354.90,358.16 3 0
github.com/harmonyflow/syncbridge/session-state-service/internal/redis/client.go:358.16,360.3 1 0
github.com/harmonyflow/syncbridge/session-state-service/internal/redis/client.go:362.2,362.83 1 0
github.com/harmonyflow/syncbridge/session-state-service/internal/redis/client.go:362.83,364.3 1 0
github.com/harmonyflow/syncbridge/session-state-service/internal/redis/client.go:366.2,366.12 1 0
github.com/harmonyflow/syncbridge/session-state-service/internal/redis/client.go:369.99,373.22 3 0
github.com/harmonyflow/syncbridge/session-state-service/internal/redis/client.go:373.22,375.3 1 0
github.com/harmonyflow/syncbridge/session-state-service/internal/redis/client.go:376.2,376.16 1 0
github.com/harmonyflow/syncbridge/session-state-service/internal/redis/client.go:376.16,378.3 1 0
github.com/harmonyflow/syncbridge/session-state-service/internal/redis/client.go:380.2,381.60 2 0
github.com/harmonyflow/syncbridge/session-state-service/internal/redis/client.go:381.60,383.3 1 0
github.com/harmonyflow/syncbridge/session-state-service/internal/redis/client.go:385.2,385.27 1 0
github.com/harmonyflow/syncbridge/session-state-service/internal/redis/client.go:388.78,391.2 2 0
github.com/harmonyflow/syncbridge/session-state-service/internal/redis/client.go:393.89,399.16 4 0
github.com/harmonyflow/syncbridge/session-state-service/internal/redis/client.go:399.16,401.3 1 0
github.com/harmonyflow/syncbridge/session-state-service/internal/redis/client.go:403.2,406.27 3 0
github.com/harmonyflow/syncbridge/session-state-service/internal/redis/client.go:406.27,407.62 1 0
github.com/harmonyflow/syncbridge/session-state-service/internal/redis/client.go:407.62,409.58 2 0
github.com/harmonyflow/syncbridge/session-state-service/internal/redis/client.go:409.58,411.5 1 0
github.com/harmonyflow/syncbridge/session-state-service/internal/redis/client.go:414.2,416.22 2 0
github.com/harmonyflow/syncbridge/session-state-service/internal/redis/client.go:419.91,425.16 4 0
github.com/harmonyflow/syncbridge/session-state-service/internal/redis/client.go:425.16,427.3 1 0
github.com/harmonyflow/syncbridge/session-state-service/internal/redis/client.go:429.2,436.27 6 0
github.com/harmonyflow/syncbridge/session-state-service/internal/redis/client.go:436.27,438.17 2 0
github.com/harmonyflow/syncbridge/session-state-service/internal/redis/client.go:438.17,440.4 1 0
github.com/harmonyflow/syncbridge/session-state-service/internal/redis/client.go:442.3,442.62 1 0
github.com/harmonyflow/syncbridge/session-state-service/internal/redis/client.go:442.62,444.58 2 0
github.com/harmonyflow/syncbridge/session-state-service/internal/redis/client.go:444.58,445.28 1 0
github.com/harmonyflow/syncbridge/session-state-service/internal/redis/client.go:445.28,447.6 1 0
github.com/harmonyflow/syncbridge/session-state-service/internal/redis/client.go:448.5,448.69 1 0
github.com/harmonyflow/syncbridge/session-state-service/internal/redis/client.go:448.69,450.6 1 0
github.com/harmonyflow/syncbridge/session-state-service/internal/redis/client.go:451.5,451.68 1 0
github.com/harmonyflow/syncbridge/session-state-service/internal/redis/client.go:451.68,453.6 1 0
github.com/harmonyflow/syncbridge/session-state-service/internal/redis/client.go:458.2,459.32 2 0
github.com/harmonyflow/syncbridge/session-state-service/internal/redis/client.go:459.32,461.3 1 0
github.com/harmonyflow/syncbridge/session-state-service/internal/redis/client.go:462.2,466.22 4 0
github.com/harmonyflow/syncbridge/session-state-service/internal/redis/client.go:469.74,471.16 2 0
github.com/harmonyflow/syncbridge/session-state-service/internal/redis/client.go:471.16,473.3 1 0
github.com/harmonyflow/syncbridge/session-state-service/internal/redis/client.go:475.2,476.27 2 0
github.com/harmonyflow/syncbridge/session-state-service/internal/redis/client.go:476.27,477.19 1 0
github.com/harmonyflow/syncbridge/session-state-service/internal/redis/client.go:477.19,479.4 1 0
github.com/harmonyflow/syncbridge/session-state-service/internal/redis/client.go:482.2,482.24 1 0
github.com/harmonyflow/syncbridge/session-state-service/internal/redis/client.go:485.99,487.2 1 0
github.com/harmonyflow/syncbridge/session-state-service/internal/redis/client.go:489.71,491.2 1 0
github.com/harmonyflow/syncbridge/session-state-service/internal/redis/client.go:493.65,495.2 1 0
github.com/harmonyflow/syncbridge/session-state-service/internal/redis/client.go:497.44,500.2 2 0
github.com/harmonyflow/syncbridge/session-state-service/internal/handlers/admin.go:20.112,26.2 1 0
github.com/harmonyflow/syncbridge/session-state-service/internal/handlers/admin.go:28.58,32.16 3 0
github.com/harmonyflow/syncbridge/session-state-service/internal/handlers/admin.go:32.16,36.3 3 0
github.com/harmonyflow/syncbridge/session-state-service/internal/handlers/admin.go:38.2,39.49 2 0
github.com/harmonyflow/syncbridge/session-state-service/internal/handlers/admin.go:39.49,41.3 1 0
github.com/harmonyflow/syncbridge/session-state-service/internal/handlers/admin.go:42.2,44.32 2 0
github.com/harmonyflow/syncbridge/session-state-service/internal/handlers/admin.go:47.61,55.48 7 0
github.com/harmonyflow/syncbridge/session-state-service/internal/handlers/admin.go:55.48,57.3 1 0
github.com/harmonyflow/syncbridge/session-state-service/internal/handlers/admin.go:59.2,70.32 2 0
github.com/harmonyflow/syncbridge/session-state-service/internal/handlers/admin.go:73.59,77.16 3 0
github.com/harmonyflow/syncbridge/session-state-service/internal/handlers/admin.go:77.16,81.3 3 0
github.com/harmonyflow/syncbridge/session-state-service/internal/handlers/admin.go:83.2,83.32 1 0
github.com/harmonyflow/syncbridge/session-state-service/internal/handlers/admin.go:86.54,90.16 3 0
github.com/harmonyflow/syncbridge/session-state-service/internal/handlers/admin.go:90.16,93.3 2 0
github.com/harmonyflow/syncbridge/session-state-service/internal/handlers/admin.go:95.2,96.16 2 0
github.com/harmonyflow/syncbridge/session-state-service/internal/handlers/admin.go:96.16,99.3 2 0
github.com/harmonyflow/syncbridge/session-state-service/internal/handlers/admin.go:101.2,108.48 7 0
github.com/harmonyflow/syncbridge/session-state-service/internal/handlers/admin.go:108.48,110.3 1 0
github.com/harmonyflow/syncbridge/session-state-service/internal/handlers/admin.go:112.2,130.32 3 0
github.com/harmonyflow/syncbridge/session-state-service/internal/handlers/admin.go:133.58,137.16 3 0
github.com/harmonyflow/syncbridge/session-state-service/internal/handlers/admin.go:137.16,141.3 3 0
github.com/harmonyflow/syncbridge/session-state-service/internal/handlers/admin.go:143.2,144.39 2 0
github.com/harmonyflow/syncbridge/session-state-service/internal/handlers/admin.go:144.39,146.17 2 0
github.com/harmonyflow/syncbridge/session-state-service/internal/handlers/admin.go:146.17,147.12 1 0
github.com/harmonyflow/syncbridge/session-state-service/internal/handlers/admin.go:149.3,149.22 1 0
github.com/harmonyflow/syncbridge/session-state-service/internal/handlers/admin.go:149.22,157.4 1 0
github.com/harmonyflow/syncbridge/session-state-service/internal/handlers/admin.go:160.2,163.4 1 0
github.com/harmonyflow/syncbridge/session-state-service/internal/handlers/admin.go:166.61,175.2 3 0
github.com/harmonyflow/syncbridge/session-state-service/internal/handlers/admin.go:177.62,183.47 2 0
github.com/harmonyflow/syncbridge/session-state-service/internal/handlers/admin.go:183.47,186.3 2 0
github.com/harmonyflow/syncbridge/session-state-service/internal/handlers/admin.go:188.2,207.4 4 0
github.com/harmonyflow/syncbridge/session-state-service/internal/handlers/multidevice.go:22.124,28.2 1 0
github.com/harmonyflow/syncbridge/session-state-service/internal/handlers/multidevice.go:49.64,51.21 2 0
github.com/harmonyflow/syncbridge/session-state-service/internal/handlers/multidevice.go:51.21,54.3 2 0
github.com/harmonyflow/syncbridge/session-state-service/internal/handlers/multidevice.go:56.2,58.16 3 0
github.com/harmonyflow/syncbridge/session-state-service/internal/handlers/multidevice.go:58.16,65.3 3 0
github.com/harmonyflow/syncbridge/session-state-service/internal/handlers/multidevice.go:67.2,68.33 2 0
github.com/harmonyflow/syncbridge/session-state-service/internal/handlers/multidevice.go:68.33,69.40 1 0
github.com/harmonyflow/syncbridge/session-state-service/internal/handlers/multidevice.go:69.40,71.4 1 0
github.com/harmonyflow/syncbridge/session-state-service/internal/handlers/multidevice.go:72.3,72.48 1 0
github.com/harmonyflow/syncbridge/session-state-service/internal/handlers/multidevice.go:75.2,79.4 1 0
github.com/harmonyflow/syncbridge/session-state-service/internal/handlers/multidevice.go:82.62,84.21 2 0
github.com/harmonyflow/syncbridge/session-state-service/internal/handlers/multidevice.go:84.21,87.3 2 0
github.com/harmonyflow/syncbridge/session-state-service/internal/handlers/multidevice.go:89.2,90.47 2 0
github.com/harmonyflow/syncbridge/session-state-service/internal/handlers/multidevice.go:90.47,93.3 2 0
github.com/harmonyflow/syncbridge/session-state-service/internal/handlers/multidevice.go:95.2,97.16 3 0
github.com/harmonyflow/syncbridge/session-state-service/internal/handlers/multidevice.go:97.16,104.3 3 0
github.com/harmonyflow/syncbridge/session-state-service/internal/handlers/multidevice.go:106.2,106.21 1 0
github.com/harmonyflow/syncbridge/session-state-service/internal/handlers/multidevice.go:106.21,109.3 2 0
github.com/harmonyflow/syncbridge/session-state-service/internal/handlers/multidevice.go:111.2,123.74 3 0
github.com/harmonyflow/syncbridge/session-state-service/internal/handlers/multidevice.go:123.74,130.3 3 0
github.com/harmonyflow/syncbridge/session-state-service/internal/handlers/multidevice.go:132.2,146.4 3 0
github.com/harmonyflow/syncbridge/session-state-service/internal/handlers/multidevice.go:149.67,153.36 3 0
github.com/harmonyflow/syncbridge/session-state-service/internal/handlers/multidevice.go:153.36,156.3 2 0
github.com/harmonyflow/syncbridge/session-state-service/internal/handlers/multidevice.go:158.2,160.16 3 0
github.com/harmonyflow/syncbridge/session-state-service/internal/handlers/multidevice.go:160.16,167.3 3 0
github.com/harmonyflow/syncbridge/session-state-service/internal/handlers/multidevice.go:169.2,169.25 1 0
github.com/harmonyflow/syncbridge/session-state-service/internal/handlers/multidevice.go:169.25,172.3 2 0
github.com/harmonyflow/syncbridge/session-state-service/internal/handlers/multidevice.go:174.2,174.41 1 0
github.com/harmonyflow/syncbridge/session-state-service/internal/handlers/multidevice.go:174.41,177.3 2 0
github.com/harmonyflow/syncbridge/session-state-service/internal/handlers/multidevice.go:179.2,179.46 1 0
github.com/harmonyflow/syncbridge/session-state-service/internal/handlers/multidevice.go:179.46,183.3 3 0
github.com/harmonyflow/syncbridge/session-state-service/internal/handlers/multidevice.go:185.2,198.4 3 0
github.com/harmonyflow/syncbridge/session-state-service/internal/handlers/multidevice.go:201.63,205.39 3 0
github.com/harmonyflow/syncbridge/session-state-service/internal/handlers/multidevice.go:205.39,208.3 2 0
github.com/harmonyflow/syncbridge/session-state-service/internal/handlers/multidevice.go:210.2,212.16 3 0
github.com/harmonyflow/syncbridge/session-state-service/internal/handlers/multidevice.go:212.16,219.3 3 0
github.com/harmonyflow/syncbridge/session-state-service/internal/handlers/multidevice.go:221.2,221.21 1 0
github.com/harmonyflow/syncbridge/session-state-service/internal/handlers/multidevice.go:221.21,224.3 2 0
github.com/harmonyflow/syncbridge/session-state-service/internal/handlers/multidevice.go:226.2,226.94 1 0
github.com/harmonyflow/syncbridge/session-state-service/internal/handlers/multidevice.go:226.94,233.3 3 0
github.com/harmonyflow/syncbridge/session-state-service/internal/handlers/multidevice.go:235.2,248.4 4 0
github.com/harmonyflow/syncbridge/session-state-service/internal/handlers/multidevice.go:251.67,254.2 2 0
github.com/harmonyflow/syncbridge/session-state-service/internal/handlers/multidevice.go:256.113,270.2 2 0
github.com/harmonyflow/syncbridge/session-state-service/internal/handlers/multidevice.go:272.94,287.2 2 0
github.com/harmonyflow/syncbridge/session-state-service/internal/handlers/multidevice.go:289.36,293.2 3 0
github.com/harmonyflow/syncbridge/session-state-service/internal/handlers/session.go:21.116,28.2 1 0
github.com/harmonyflow/syncbridge/session-state-service/internal/handlers/session.go:65.57,67.47 2 0
github.com/harmonyflow/syncbridge/session-state-service/internal/handlers/session.go:67.47,70.3 2 0
github.com/harmonyflow/syncbridge/session-state-service/internal/handlers/session.go:72.2,84.27 2 0
github.com/harmonyflow/syncbridge/session-state-service/internal/handlers/session.go:84.27,86.3 1 0
github.com/harmonyflow/syncbridge/session-state-service/internal/handlers/session.go:88.2,89.82 2 0
github.com/harmonyflow/syncbridge/session-state-service/internal/handlers/session.go:89.82,96.3 3 0
github.com/harmonyflow/syncbridge/session-state-service/internal/handlers/session.go:98.2,114.4 3 0
github.com/harmonyflow/syncbridge/session-state-service/internal/handlers/session.go:117.54,119.21 2 0
github.com/harmonyflow/syncbridge/session-state-service/internal/handlers/session.go:119.21,122.3 2 0
github.com/harmonyflow/syncbridge/session-state-service/internal/handlers/session.go:124.2,125.38 2 0
github.com/harmonyflow/syncbridge/session-state-service/internal/handlers/session.go:125.39,127.3 0 0
github.com/harmonyflow/syncbridge/session-state-service/internal/handlers/session.go:129.2,133.17 4 0
github.com/harmonyflow/syncbridge/session-state-service/internal/handlers/session.go:133.17,135.3 1 0
github.com/harmonyflow/syncbridge/session-state-service/internal/handlers/session.go:135.8,137.3 1 0
github.com/harmonyflow/syncbridge/session-state-service/internal/handlers/session.go:139.2,139.16 1 0
github.com/harmonyflow/syncbridge/session-state-service/internal/handlers/session.go:139.16,146.3 3 0
github.com/harmonyflow/syncbridge/session-state-service/internal/handlers/session.go:148.2,148.21 1 0
github.com/harmonyflow/syncbridge/session-state-service/internal/handlers/session.go:148.21,151.3 2 0
github.com/harmonyflow/syncbridge/session-state-service/internal/handlers/session.go:153.2,160.33 3 0
github.com/harmonyflow/syncbridge/session-state-service/internal/handlers/session.go:163.65,165.47 2 0
github.com/harmonyflow/syncbridge/session-state-service/internal/handlers/session.go:165.47,168.3 2 0
github.com/harmonyflow/syncbridge/session-state-service/internal/handlers/session.go:170.2,180.90 2 0
github.com/harmonyflow/syncbridge/session-state-service/internal/handlers/session.go:180.90,187.3 3 0
github.com/harmonyflow/syncbridge/session-state-service/internal/handlers/session.go:189.2,197.4 2 0
github.com/harmonyflow/syncbridge/session-state-service/internal/handlers/session.go:200.58,202.47 2 0
github.com/harmonyflow/syncbridge/session-state-service/internal/handlers/session.go:202.47,205.3 2 0
github.com/harmonyflow/syncbridge/session-state-service/internal/handlers/session.go:207.2,209.16 3 0
github.com/harmonyflow/syncbridge/session-state-service/internal/handlers/session.go:209.16,216.3 3 0
github.com/harmonyflow/syncbridge/session-state-service/internal/handlers/session.go:218.2,218.27 1 0
github.com/harmonyflow/syncbridge/session-state-service/internal/handlers/session.go:218.27,221.3 2 0
github.com/harmonyflow/syncbridge/session-state-service/internal/handlers/session.go:223.2,229.72 5 0
github.com/harmonyflow/syncbridge/session-state-service/internal/handlers/session.go:229.72,236.3 3 0
github.com/harmonyflow/syncbridge/session-state-service/internal/handlers/session.go:238.2,254.37 3 0
github.com/harmonyflow/syncbridge/session-state-service/internal/handlers/session.go:257.131,260.18 2 0
github.com/harmonyflow/syncbridge/session-state-service/internal/handlers/session.go:261.21,262.33 1 0
github.com/harmonyflow/syncbridge/session-state-service/internal/handlers/session.go:262.33,264.4 1 0
github.com/harmonyflow/syncbridge/session-state-service/internal/handlers/session.go:265.3,265.33 1 0
github.com/harmonyflow/syncbridge/session-state-service/internal/handlers/session.go:265.33,267.4 1 0
github.com/harmonyflow/syncbridge/session-state-service/internal/handlers/session.go:268.21,269.33 1 0
github.com/harmonyflow/syncbridge/session-state-service/internal/handlers/session.go:269.33,271.4 1 0
github.com/harmonyflow/syncbridge/session-state-service/internal/handlers/session.go:272.3,272.33 1 0
github.com/harmonyflow/syncbridge/session-state-service/internal/handlers/session.go:272.33,274.4 1 0
github.com/harmonyflow/syncbridge/session-state-service/internal/handlers/session.go:275.15,276.33 1 0
github.com/harmonyflow/syncbridge/session-state-service/internal/handlers/session.go:276.33,278.4 1 0
github.com/harmonyflow/syncbridge/session-state-service/internal/handlers/session.go:279.3,279.33 1 0
github.com/harmonyflow/syncbridge/session-state-service/internal/handlers/session.go:279.33,280.41 1 0
github.com/harmonyflow/syncbridge/session-state-service/internal/handlers/session.go:280.41,282.5 1 0
github.com/harmonyflow/syncbridge/session-state-service/internal/handlers/session.go:284.10,285.25 1 0
github.com/harmonyflow/syncbridge/session-state-service/internal/handlers/session.go:288.2,288.17 1 0
github.com/harmonyflow/syncbridge/session-state-service/internal/handlers/session.go:291.104,294.44 2 0
github.com/harmonyflow/syncbridge/session-state-service/internal/handlers/session.go:294.44,295.54 1 0
github.com/harmonyflow/syncbridge/session-state-service/internal/handlers/session.go:295.54,296.34 1 0
github.com/harmonyflow/syncbridge/session-state-service/internal/handlers/session.go:296.34,298.5 1 0
github.com/harmonyflow/syncbridge/session-state-service/internal/handlers/session.go:302.2,302.18 1 0
github.com/harmonyflow/syncbridge/session-state-service/internal/handlers/session.go:305.54,321.55 3 0
github.com/harmonyflow/syncbridge/session-state-service/internal/handlers/session.go:321.55,325.3 3 0
github.com/harmonyflow/syncbridge/session-state-service/internal/handlers/session.go:327.2,328.45 2 0
github.com/harmonyflow/syncbridge/session-state-service/internal/handlers/session.go:328.45,330.3 1 0
github.com/harmonyflow/syncbridge/session-state-service/internal/handlers/session.go:332.2,332.22 1 0
github.com/harmonyflow/syncbridge/session-state-service/internal/handlers/websocket.go:25.42,27.19 2 0
github.com/harmonyflow/syncbridge/session-state-service/internal/handlers/websocket.go:27.19,29.4 1 0
github.com/harmonyflow/syncbridge/session-state-service/internal/handlers/websocket.go:31.3,32.31 2 0
github.com/harmonyflow/syncbridge/session-state-service/internal/handlers/websocket.go:32.31,34.4 1 0
github.com/harmonyflow/syncbridge/session-state-service/internal/handlers/websocket.go:36.3,36.42 1 0
github.com/harmonyflow/syncbridge/session-state-service/internal/handlers/websocket.go:36.42,38.42 2 0
github.com/harmonyflow/syncbridge/session-state-service/internal/handlers/websocket.go:38.42,40.5 1 0
github.com/harmonyflow/syncbridge/session-state-service/internal/handlers/websocket.go:42.3,42.15 1 0
github.com/harmonyflow/syncbridge/session-state-service/internal/handlers/websocket.go:53.153,60.2 1 0
github.com/harmonyflow/syncbridge/session-state-service/internal/handlers/websocket.go:62.36,66.2 3 0
github.com/harmonyflow/syncbridge/session-state-service/internal/handlers/websocket.go:68.61,70.16 2 0
github.com/harmonyflow/syncbridge/session-state-service/internal/handlers/websocket.go:70.16,73.3 2 0
github.com/harmonyflow/syncbridge/session-state-service/internal/handlers/websocket.go:75.2,81.53 5 0
github.com/harmonyflow/syncbridge/session-state-service/internal/handlers/websocket.go:84.92,85.36 1 0
github.com/harmonyflow/syncbridge/session-state-service/internal/handlers/websocket.go:85.36,86.19 1 0
github.com/harmonyflow/syncbridge/session-state-service/internal/handlers/websocket.go:87.38,88.32 1 0
github.com/harmonyflow/syncbridge/session-state-service/internal/handlers/websocket.go:89.33,90.27 1 0
github.com/harmonyflow/syncbridge/session-state-service/internal/handlers/websocket.go:91.44,92.38 1 0
github.com/harmonyflow/syncbridge/session-state-service/internal/handlers/websocket.go:93.40,94.34 1 0
github.com/harmonyflow/syncbridge/session-state-service/internal/handlers/websocket.go:95.39,96.40 1 0
github.com/harmonyflow/syncbridge/session-state-service/internal/handlers/websocket.go:97.11,101.5 1 0
github.com/harmonyflow/syncbridge/session-state-service/internal/handlers/websocket.go:106.93,115.9 4 0
github.com/harmonyflow/syncbridge/session-state-service/internal/handlers/websocket.go:116.25,116.25 0 0
github.com/harmonyflow/syncbridge/session-state-service/internal/handlers/websocket.go:117.10,120.4 1 0
github.com/harmonyflow/syncbridge/session-state-service/internal/handlers/websocket.go:124.88,126.9 2 0
github.com/harmonyflow/syncbridge/session-state-service/internal/handlers/websocket.go:126.9,129.3 2 0
github.com/harmonyflow/syncbridge/session-state-service/internal/handlers/websocket.go:131.2,132.16 2 0
github.com/harmonyflow/syncbridge/session-state-service/internal/handlers/websocket.go:132.16,135.3 2 0
github.com/harmonyflow/syncbridge/session-state-service/internal/handlers/websocket.go:137.2,143.59 5 0
github.com/harmonyflow/syncbridge/session-state-service/internal/handlers/websocket.go:143.59,144.30 1 0
github.com/harmonyflow/syncbridge/session-state-service/internal/handlers/websocket.go:144.30,145.23 1 0
github.com/harmonyflow/syncbridge/session-state-service/internal/handlers/websocket.go:145.23,147.10 2 0
github.com/harmonyflow/syncbridge/session-state-service/internal/handlers/websocket.go:152.2,165.70 2 0
github.com/harmonyflow/syncbridge/session-state-service/internal/handlers/websocket.go:165.70,167.3 1 0
github.com/harmonyflow/syncbridge/session-state-service/internal/handlers/websocket.go:169.2,169.102 1 0
github.com/harmonyflow/syncbridge/session-state-service/internal/handlers/websocket.go:169.102,177.3 2 0
github.com/harmonyflow/syncbridge/session-state-service/internal/handlers/websocket.go:179.2,180.16 2 0
github.com/harmonyflow/syncbridge/session-state-service/internal/handlers/websocket.go:180.16,182.3 1 0
github.com/harmonyflow/syncbridge/session-state-service/internal/handlers/websocket.go:184.2,197.3 3 0
github.com/harmonyflow/syncbridge/session-state-service/internal/handlers/websocket.go:200.99,201.27 1 0
github.com/harmonyflow/syncbridge/session-state-service/internal/handlers/websocket.go:201.27,204.3 2 0
github.com/harmonyflow/syncbridge/session-state-service/internal/handlers/websocket.go:206.2,207.68 2 0
github.com/harmonyflow/syncbridge/session-state-service/internal/handlers/websocket.go:207.68,209.3 1 0
github.com/harmonyflow/syncbridge/session-state-service/internal/handlers/websocket.go:211.2,212.16 2 0
github.com/harmonyflow/syncbridge/session-state-service/internal/handlers/websocket.go:212.16,216.3 3 0
github.com/harmonyflow/syncbridge/session-state-service/internal/handlers/websocket.go:218.2,219.21 2 0
github.com/harmonyflow/syncbridge/session-state-service/internal/handlers/websocket.go:219.21,226.3 1 0
github.com/harmonyflow/syncbridge/session-state-service/internal/handlers/websocket.go:226.8,233.3 1 0
github.com/harmonyflow/syncbridge/session-state-service/internal/handlers/websocket.go:235.2,235.43 1 0
github.com/harmonyflow/syncbridge/session-state-service/internal/handlers/websocket.go:238.95,239.27 1 0
github.com/harmonyflow/syncbridge/session-state-service/internal/handlers/websocket.go:239.27,242.3 2 0
github.com/harmonyflow/syncbridge/session-state-service/internal/handlers/websocket.go:244.2,245.16 2 0
github.com/harmonyflow/syncbridge/session-state-service/internal/handlers/websocket.go:245.16,249.3 3 0
github.com/harmonyflow/syncbridge/session-state-service/internal/handlers/websocket.go:251.2,251.21 1 0
github.com/harmonyflow/syncbridge/session-state-service/internal/handlers/websocket.go:251.21,261.3 1 0
github.com/harmonyflow/syncbridge/session-state-service/internal/handlers/websocket.go:263.2,263.48 1 0
github.com/harmonyflow/syncbridge/session-state-service/internal/handlers/websocket.go:263.48,264.52 1 0
github.com/harmonyflow/syncbridge/session-state-service/internal/handlers/websocket.go:264.52,266.4 1 0
github.com/harmonyflow/syncbridge/session-state-service/internal/handlers/websocket.go:266.9,266.93 1 0
github.com/harmonyflow/syncbridge/session-state-service/internal/handlers/websocket.go:266.93,268.4 1 0
github.com/harmonyflow/syncbridge/session-state-service/internal/handlers/websocket.go:271.2,274.66 3 0
github.com/harmonyflow/syncbridge/session-state-service/internal/handlers/websocket.go:274.66,278.3 3 0
github.com/harmonyflow/syncbridge/session-state-service/internal/handlers/websocket.go:280.2,281.65 2 0
github.com/harmonyflow/syncbridge/session-state-service/internal/handlers/websocket.go:281.65,283.3 1 0
github.com/harmonyflow/syncbridge/session-state-service/internal/handlers/websocket.go:285.2,298.4 1 0
github.com/harmonyflow/syncbridge/session-state-service/internal/handlers/websocket.go:301.101,302.27 1 0
github.com/harmonyflow/syncbridge/session-state-service/internal/handlers/websocket.go:302.27,305.3 2 0
github.com/harmonyflow/syncbridge/session-state-service/internal/handlers/websocket.go:307.2,309.16 3 0
github.com/harmonyflow/syncbridge/session-state-service/internal/handlers/websocket.go:309.16,313.3 3 0
github.com/harmonyflow/syncbridge/session-state-service/internal/handlers/websocket.go:315.2,315.33 1 0
github.com/harmonyflow/syncbridge/session-state-service/internal/handlers/websocket.go:315.33,316.76 1 0
github.com/harmonyflow/syncbridge/session-state-service/internal/handlers/websocket.go:316.76,318.4 1 0
github.com/harmonyflow/syncbridge/session-state-service/internal/handlers/websocket.go:321.2,326.43 2 0
github.com/harmonyflow/syncbridge/session-state-service/internal/handlers/websocket.go:329.102,332.2 2 0
github.com/harmonyflow/syncbridge/session-state-service/internal/handlers/websocket.go:334.74,337.2 2 0
