mode: set
github.com/harmonyflow/syncbridge/session-state-service/internal/middleware/admin_auth.go:23.124,24.31 1 1
github.com/harmonyflow/syncbridge/session-state-service/internal/middleware/admin_auth.go:24.31,26.3 1 0
github.com/harmonyflow/syncbridge/session-state-service/internal/middleware/admin_auth.go:28.2,32.3 1 1
github.com/harmonyflow/syncbridge/session-state-service/internal/middleware/admin_auth.go:35.61,36.30 1 1
github.com/harmonyflow/syncbridge/session-state-service/internal/middleware/admin_auth.go:36.30,39.26 2 1
github.com/harmonyflow/syncbridge/session-state-service/internal/middleware/admin_auth.go:39.26,42.4 2 0
github.com/harmonyflow/syncbridge/session-state-service/internal/middleware/admin_auth.go:44.3,44.55 1 1
github.com/harmonyflow/syncbridge/session-state-service/internal/middleware/admin_auth.go:44.55,47.4 2 1
github.com/harmonyflow/syncbridge/session-state-service/internal/middleware/admin_auth.go:49.3,50.17 2 1
github.com/harmonyflow/syncbridge/session-state-service/internal/middleware/admin_auth.go:50.17,57.4 4 1
github.com/harmonyflow/syncbridge/session-state-service/internal/middleware/admin_auth.go:59.3,60.17 2 1
github.com/harmonyflow/syncbridge/session-state-service/internal/middleware/admin_auth.go:60.17,70.4 4 0
github.com/harmonyflow/syncbridge/session-state-service/internal/middleware/admin_auth.go:72.3,72.32 1 1
github.com/harmonyflow/syncbridge/session-state-service/internal/middleware/admin_auth.go:72.32,83.4 4 1
github.com/harmonyflow/syncbridge/session-state-service/internal/middleware/admin_auth.go:85.3,91.11 6 1
github.com/harmonyflow/syncbridge/session-state-service/internal/middleware/admin_auth.go:95.77,97.22 2 1
github.com/harmonyflow/syncbridge/session-state-service/internal/middleware/admin_auth.go:97.22,99.3 1 1
github.com/harmonyflow/syncbridge/session-state-service/internal/middleware/admin_auth.go:101.2,102.45 2 1
github.com/harmonyflow/syncbridge/session-state-service/internal/middleware/admin_auth.go:102.45,104.3 1 1
github.com/harmonyflow/syncbridge/session-state-service/internal/middleware/admin_auth.go:106.2,106.22 1 1
github.com/harmonyflow/syncbridge/session-state-service/internal/middleware/admin_auth.go:109.61,110.29 1 1
github.com/harmonyflow/syncbridge/session-state-service/internal/middleware/admin_auth.go:110.29,111.46 1 1
github.com/harmonyflow/syncbridge/session-state-service/internal/middleware/admin_auth.go:111.46,113.4 1 1
github.com/harmonyflow/syncbridge/session-state-service/internal/middleware/admin_auth.go:115.2,115.14 1 1
github.com/harmonyflow/syncbridge/session-state-service/internal/middleware/admin_auth.go:118.61,119.44 1 1
github.com/harmonyflow/syncbridge/session-state-service/internal/middleware/admin_auth.go:119.44,120.40 1 0
github.com/harmonyflow/syncbridge/session-state-service/internal/middleware/admin_auth.go:120.40,122.4 1 0
github.com/harmonyflow/syncbridge/session-state-service/internal/middleware/admin_auth.go:124.2,124.14 1 1
github.com/harmonyflow/syncbridge/session-state-service/internal/middleware/admin_auth.go:127.81,128.30 1 1
github.com/harmonyflow/syncbridge/session-state-service/internal/middleware/admin_auth.go:128.30,130.14 2 1
github.com/harmonyflow/syncbridge/session-state-service/internal/middleware/admin_auth.go:130.14,136.4 3 0
github.com/harmonyflow/syncbridge/session-state-service/internal/middleware/admin_auth.go:138.3,139.10 2 1
github.com/harmonyflow/syncbridge/session-state-service/internal/middleware/admin_auth.go:139.10,145.4 3 0
github.com/harmonyflow/syncbridge/session-state-service/internal/middleware/admin_auth.go:147.3,147.63 1 1
github.com/harmonyflow/syncbridge/session-state-service/internal/middleware/admin_auth.go:147.63,153.4 3 1
github.com/harmonyflow/syncbridge/session-state-service/internal/middleware/admin_auth.go:155.3,155.11 1 1
github.com/harmonyflow/syncbridge/session-state-service/internal/middleware/cors.go:26.76,27.34 1 1
github.com/harmonyflow/syncbridge/session-state-service/internal/middleware/cors.go:27.34,31.3 1 1
github.com/harmonyflow/syncbridge/session-state-service/internal/middleware/cors.go:33.2,33.34 1 1
github.com/harmonyflow/syncbridge/session-state-service/internal/middleware/cors.go:33.34,38.3 1 1
github.com/harmonyflow/syncbridge/session-state-service/internal/middleware/cors.go:40.2,40.34 1 1
github.com/harmonyflow/syncbridge/session-state-service/internal/middleware/cors.go:40.34,44.3 1 1
github.com/harmonyflow/syncbridge/session-state-service/internal/middleware/cors.go:46.2,46.21 1 1
github.com/harmonyflow/syncbridge/session-state-service/internal/middleware/cors.go:46.21,48.3 1 1
github.com/harmonyflow/syncbridge/session-state-service/internal/middleware/cors.go:50.2,53.3 1 1
github.com/harmonyflow/syncbridge/session-state-service/internal/middleware/cors.go:56.56,57.30 1 1
github.com/harmonyflow/syncbridge/session-state-service/internal/middleware/cors.go:57.30,61.26 3 1
github.com/harmonyflow/syncbridge/session-state-service/internal/middleware/cors.go:61.26,63.4 1 1
github.com/harmonyflow/syncbridge/session-state-service/internal/middleware/cors.go:63.9,65.4 1 1
github.com/harmonyflow/syncbridge/session-state-service/internal/middleware/cors.go:67.3,71.54 4 1
github.com/harmonyflow/syncbridge/session-state-service/internal/middleware/cors.go:71.54,73.4 1 1
github.com/harmonyflow/syncbridge/session-state-service/internal/middleware/cors.go:75.3,77.36 2 1
github.com/harmonyflow/syncbridge/session-state-service/internal/middleware/cors.go:77.36,80.4 2 1
github.com/harmonyflow/syncbridge/session-state-service/internal/middleware/cors.go:82.3,82.11 1 1
github.com/harmonyflow/syncbridge/session-state-service/internal/middleware/cors.go:86.63,87.18 1 0
github.com/harmonyflow/syncbridge/session-state-service/internal/middleware/cors.go:87.18,89.3 1 0
github.com/harmonyflow/syncbridge/session-state-service/internal/middleware/cors.go:91.2,91.54 1 0
github.com/harmonyflow/syncbridge/session-state-service/internal/middleware/cors.go:91.54,92.27 1 0
github.com/harmonyflow/syncbridge/session-state-service/internal/middleware/cors.go:92.27,94.4 1 0
github.com/harmonyflow/syncbridge/session-state-service/internal/middleware/cors.go:96.3,96.44 1 0
github.com/harmonyflow/syncbridge/session-state-service/internal/middleware/cors.go:96.44,98.4 1 0
github.com/harmonyflow/syncbridge/session-state-service/internal/middleware/cors.go:101.2,101.14 1 0
github.com/harmonyflow/syncbridge/session-state-service/internal/middleware/cors.go:104.68,105.23 1 1
github.com/harmonyflow/syncbridge/session-state-service/internal/middleware/cors.go:105.23,107.3 1 1
github.com/harmonyflow/syncbridge/session-state-service/internal/middleware/cors.go:109.2,109.20 1 1
github.com/harmonyflow/syncbridge/session-state-service/internal/middleware/cors.go:109.20,111.3 1 0
github.com/harmonyflow/syncbridge/session-state-service/internal/middleware/cors.go:113.2,113.38 1 1
github.com/harmonyflow/syncbridge/session-state-service/internal/middleware/cors.go:113.38,116.3 2 0
github.com/harmonyflow/syncbridge/session-state-service/internal/middleware/cors.go:118.2,118.85 1 1
github.com/harmonyflow/syncbridge/session-state-service/internal/middleware/cors.go:118.85,119.41 1 1
github.com/harmonyflow/syncbridge/session-state-service/internal/middleware/cors.go:119.41,122.4 2 0
github.com/harmonyflow/syncbridge/session-state-service/internal/middleware/cors.go:125.2,125.14 1 1
github.com/harmonyflow/syncbridge/session-state-service/internal/middleware/cors.go:128.52,129.49 1 1
github.com/harmonyflow/syncbridge/session-state-service/internal/middleware/cors.go:129.49,130.25 1 1
github.com/harmonyflow/syncbridge/session-state-service/internal/middleware/cors.go:130.25,132.4 1 0
github.com/harmonyflow/syncbridge/session-state-service/internal/middleware/cors.go:134.2,134.63 1 1
github.com/harmonyflow/syncbridge/session-state-service/internal/middleware/cors.go:137.55,138.49 1 1
github.com/harmonyflow/syncbridge/session-state-service/internal/middleware/cors.go:138.49,139.25 1 1
github.com/harmonyflow/syncbridge/session-state-service/internal/middleware/cors.go:139.25,142.4 2 1
github.com/harmonyflow/syncbridge/session-state-service/internal/middleware/cors.go:146.73,147.25 1 1
github.com/harmonyflow/syncbridge/session-state-service/internal/middleware/cors.go:147.25,149.3 1 1
github.com/harmonyflow/syncbridge/session-state-service/internal/middleware/cors.go:151.2,151.54 1 1
github.com/harmonyflow/syncbridge/session-state-service/internal/middleware/cors.go:151.54,152.27 1 1
github.com/harmonyflow/syncbridge/session-state-service/internal/middleware/cors.go:152.27,154.4 1 1
github.com/harmonyflow/syncbridge/session-state-service/internal/middleware/cors.go:156.3,156.51 1 1
github.com/harmonyflow/syncbridge/session-state-service/internal/middleware/cors.go:156.51,158.4 1 1
github.com/harmonyflow/syncbridge/session-state-service/internal/middleware/cors.go:161.2,161.11 1 1
github.com/harmonyflow/syncbridge/session-state-service/internal/middleware/csrf.go:33.103,34.26 1 0
github.com/harmonyflow/syncbridge/session-state-service/internal/middleware/csrf.go:34.26,36.3 1 0
github.com/harmonyflow/syncbridge/session-state-service/internal/middleware/csrf.go:37.2,37.23 1 0
github.com/harmonyflow/syncbridge/session-state-service/internal/middleware/csrf.go:37.23,39.3 1 0
github.com/harmonyflow/syncbridge/session-state-service/internal/middleware/csrf.go:40.2,40.26 1 0
github.com/harmonyflow/syncbridge/session-state-service/internal/middleware/csrf.go:40.26,42.3 1 0
github.com/harmonyflow/syncbridge/session-state-service/internal/middleware/csrf.go:43.2,43.26 1 0
github.com/harmonyflow/syncbridge/session-state-service/internal/middleware/csrf.go:43.26,45.3 1 0
github.com/harmonyflow/syncbridge/session-state-service/internal/middleware/csrf.go:46.2,46.34 1 0
github.com/harmonyflow/syncbridge/session-state-service/internal/middleware/csrf.go:46.34,48.3 1 0
github.com/harmonyflow/syncbridge/session-state-service/internal/middleware/csrf.go:50.2,54.3 1 0
github.com/harmonyflow/syncbridge/session-state-service/internal/middleware/csrf.go:57.56,58.30 1 0
github.com/harmonyflow/syncbridge/session-state-service/internal/middleware/csrf.go:58.30,60.33 2 0
github.com/harmonyflow/syncbridge/session-state-service/internal/middleware/csrf.go:60.33,64.4 3 0
github.com/harmonyflow/syncbridge/session-state-service/internal/middleware/csrf.go:66.3,67.18 2 0
github.com/harmonyflow/syncbridge/session-state-service/internal/middleware/csrf.go:67.18,73.4 3 0
github.com/harmonyflow/syncbridge/session-state-service/internal/middleware/csrf.go:75.3,76.27 2 0
github.com/harmonyflow/syncbridge/session-state-service/internal/middleware/csrf.go:76.27,82.4 3 0
github.com/harmonyflow/syncbridge/session-state-service/internal/middleware/csrf.go:84.3,85.11 2 0
github.com/harmonyflow/syncbridge/session-state-service/internal/middleware/csrf.go:89.91,91.16 2 0
github.com/harmonyflow/syncbridge/session-state-service/internal/middleware/csrf.go:91.16,93.3 1 0
github.com/harmonyflow/syncbridge/session-state-service/internal/middleware/csrf.go:95.2,97.16 3 0
github.com/harmonyflow/syncbridge/session-state-service/internal/middleware/csrf.go:97.16,99.3 1 0
github.com/harmonyflow/syncbridge/session-state-service/internal/middleware/csrf.go:101.2,102.19 2 0
github.com/harmonyflow/syncbridge/session-state-service/internal/middleware/csrf.go:105.63,107.48 2 0
github.com/harmonyflow/syncbridge/session-state-service/internal/middleware/csrf.go:107.48,108.41 1 0
github.com/harmonyflow/syncbridge/session-state-service/internal/middleware/csrf.go:108.41,110.4 1 0
github.com/harmonyflow/syncbridge/session-state-service/internal/middleware/csrf.go:112.2,112.14 1 0
github.com/harmonyflow/syncbridge/session-state-service/internal/middleware/csrf.go:115.63,117.17 2 0
github.com/harmonyflow/syncbridge/session-state-service/internal/middleware/csrf.go:117.17,119.3 1 0
github.com/harmonyflow/syncbridge/session-state-service/internal/middleware/csrf.go:121.2,121.60 1 0
github.com/harmonyflow/syncbridge/session-state-service/internal/middleware/csrf.go:121.60,123.3 1 0
github.com/harmonyflow/syncbridge/session-state-service/internal/middleware/csrf.go:125.2,125.11 1 0
github.com/harmonyflow/syncbridge/session-state-service/internal/middleware/csrf.go:128.66,130.17 2 0
github.com/harmonyflow/syncbridge/session-state-service/internal/middleware/csrf.go:130.17,131.61 1 0
github.com/harmonyflow/syncbridge/session-state-service/internal/middleware/csrf.go:131.61,133.4 1 0
github.com/harmonyflow/syncbridge/session-state-service/internal/middleware/csrf.go:136.2,136.17 1 0
github.com/harmonyflow/syncbridge/session-state-service/internal/middleware/csrf.go:136.17,138.22 2 0
github.com/harmonyflow/syncbridge/session-state-service/internal/middleware/csrf.go:138.22,140.4 1 0
github.com/harmonyflow/syncbridge/session-state-service/internal/middleware/csrf.go:141.3,141.22 1 0
github.com/harmonyflow/syncbridge/session-state-service/internal/middleware/csrf.go:141.22,142.67 1 0
github.com/harmonyflow/syncbridge/session-state-service/internal/middleware/csrf.go:142.67,144.5 1 0
github.com/harmonyflow/syncbridge/session-state-service/internal/middleware/csrf.go:148.2,148.17 1 0
github.com/harmonyflow/syncbridge/session-state-service/internal/middleware/csrf.go:148.17,150.3 1 0
github.com/harmonyflow/syncbridge/session-state-service/internal/middleware/csrf.go:153.106,155.21 2 0
github.com/harmonyflow/syncbridge/session-state-service/internal/middleware/csrf.go:155.21,157.3 1 0
github.com/harmonyflow/syncbridge/session-state-service/internal/middleware/csrf.go:158.2,158.21 1 0
github.com/harmonyflow/syncbridge/session-state-service/internal/middleware/csrf.go:158.21,160.3 1 0
github.com/harmonyflow/syncbridge/session-state-service/internal/middleware/csrf.go:162.2,164.16 3 0
github.com/harmonyflow/syncbridge/session-state-service/internal/middleware/csrf.go:164.16,166.3 1 0
github.com/harmonyflow/syncbridge/session-state-service/internal/middleware/csrf.go:168.2,168.34 1 0
github.com/harmonyflow/syncbridge/session-state-service/internal/middleware/csrf.go:171.65,174.16 3 0
github.com/harmonyflow/syncbridge/session-state-service/internal/middleware/csrf.go:174.16,176.3 1 0
github.com/harmonyflow/syncbridge/session-state-service/internal/middleware/csrf.go:177.2,177.50 1 0
github.com/harmonyflow/syncbridge/session-state-service/internal/middleware/csrf.go:180.64,182.2 1 0
github.com/harmonyflow/syncbridge/session-state-service/internal/middleware/csrf.go:184.72,196.2 3 0
github.com/harmonyflow/syncbridge/session-state-service/internal/middleware/csrf.go:198.72,199.35 1 0
github.com/harmonyflow/syncbridge/session-state-service/internal/middleware/csrf.go:200.16,201.33 1 0
github.com/harmonyflow/syncbridge/session-state-service/internal/middleware/csrf.go:202.13,203.30 1 0
github.com/harmonyflow/syncbridge/session-state-service/internal/middleware/csrf.go:204.14,205.31 1 0
github.com/harmonyflow/syncbridge/session-state-service/internal/middleware/csrf.go:206.10,207.30 1 0
github.com/harmonyflow/syncbridge/session-state-service/internal/middleware/ratelimiter.go:30.104,36.2 1 0
github.com/harmonyflow/syncbridge/session-state-service/internal/middleware/ratelimiter.go:38.53,39.30 1 0
github.com/harmonyflow/syncbridge/session-state-service/internal/middleware/ratelimiter.go:39.30,43.21 3 0
github.com/harmonyflow/syncbridge/session-state-service/internal/middleware/ratelimiter.go:43.21,46.4 2 0
github.com/harmonyflow/syncbridge/session-state-service/internal/middleware/ratelimiter.go:48.3,49.17 2 0
github.com/harmonyflow/syncbridge/session-state-service/internal/middleware/ratelimiter.go:49.17,51.4 1 0
github.com/harmonyflow/syncbridge/session-state-service/internal/middleware/ratelimiter.go:53.3,53.14 1 0
github.com/harmonyflow/syncbridge/session-state-service/internal/middleware/ratelimiter.go:53.14,60.4 3 0
github.com/harmonyflow/syncbridge/session-state-service/internal/middleware/ratelimiter.go:62.3,63.19 2 0
github.com/harmonyflow/syncbridge/session-state-service/internal/middleware/ratelimiter.go:63.19,64.68 1 0
github.com/harmonyflow/syncbridge/session-state-service/internal/middleware/ratelimiter.go:64.68,66.48 2 0
github.com/harmonyflow/syncbridge/session-state-service/internal/middleware/ratelimiter.go:66.48,68.6 1 0
github.com/harmonyflow/syncbridge/session-state-service/internal/middleware/ratelimiter.go:72.3,72.19 1 0
github.com/harmonyflow/syncbridge/session-state-service/internal/middleware/ratelimiter.go:72.19,74.18 2 0
github.com/harmonyflow/syncbridge/session-state-service/internal/middleware/ratelimiter.go:74.18,76.5 1 0
github.com/harmonyflow/syncbridge/session-state-service/internal/middleware/ratelimiter.go:78.4,78.15 1 0
github.com/harmonyflow/syncbridge/session-state-service/internal/middleware/ratelimiter.go:78.15,85.5 3 0
github.com/harmonyflow/syncbridge/session-state-service/internal/middleware/ratelimiter.go:88.3,89.11 2 0
github.com/harmonyflow/syncbridge/session-state-service/internal/middleware/ratelimiter.go:93.97,99.16 5 0
github.com/harmonyflow/syncbridge/session-state-service/internal/middleware/ratelimiter.go:99.16,101.3 1 0
github.com/harmonyflow/syncbridge/session-state-service/internal/middleware/ratelimiter.go:103.2,103.18 1 0
github.com/harmonyflow/syncbridge/session-state-service/internal/middleware/ratelimiter.go:103.18,105.3 1 0
github.com/harmonyflow/syncbridge/session-state-service/internal/middleware/ratelimiter.go:107.2,107.36 1 0
github.com/harmonyflow/syncbridge/session-state-service/internal/middleware/ratelimiter.go:110.50,112.21 2 0
github.com/harmonyflow/syncbridge/session-state-service/internal/middleware/ratelimiter.go:112.21,114.3 1 0
github.com/harmonyflow/syncbridge/session-state-service/internal/middleware/ratelimiter.go:115.2,115.11 1 0
github.com/harmonyflow/syncbridge/session-state-service/internal/middleware/security.go:26.88,28.16 2 0
github.com/harmonyflow/syncbridge/session-state-service/internal/middleware/security.go:28.16,31.3 2 0
github.com/harmonyflow/syncbridge/session-state-service/internal/middleware/security.go:33.2,37.3 1 0
github.com/harmonyflow/syncbridge/session-state-service/internal/middleware/security.go:40.59,41.30 1 0
github.com/harmonyflow/syncbridge/session-state-service/internal/middleware/security.go:41.30,43.3 1 0
github.com/harmonyflow/syncbridge/session-state-service/internal/middleware/security.go:46.54,47.30 1 0
github.com/harmonyflow/syncbridge/session-state-service/internal/middleware/security.go:47.30,49.3 1 0
github.com/harmonyflow/syncbridge/session-state-service/internal/middleware/security.go:52.54,63.2 3 0
github.com/harmonyflow/syncbridge/session-state-service/internal/middleware/security.go:65.62,66.30 1 0
github.com/harmonyflow/syncbridge/session-state-service/internal/middleware/security.go:66.30,68.18 2 0
github.com/harmonyflow/syncbridge/session-state-service/internal/middleware/security.go:68.18,74.4 3 0
github.com/harmonyflow/syncbridge/session-state-service/internal/middleware/security.go:76.3,76.89 1 0
github.com/harmonyflow/syncbridge/session-state-service/internal/middleware/security.go:76.89,77.73 1 0
github.com/harmonyflow/syncbridge/session-state-service/internal/middleware/security.go:77.73,83.5 3 0
github.com/harmonyflow/syncbridge/session-state-service/internal/middleware/security.go:86.3,86.11 1 0
github.com/harmonyflow/syncbridge/session-state-service/internal/middleware/security.go:90.54,94.21 3 0
github.com/harmonyflow/syncbridge/session-state-service/internal/middleware/security.go:94.22,95.3 0 0
