mode: set
github.com/harmonyflow/syncbridge/session-state-service/internal/auth/jwt.go:23.54,28.25 4 1
github.com/harmonyflow/syncbridge/session-state-service/internal/auth/jwt.go:28.25,30.3 1 1
github.com/harmonyflow/syncbridge/session-state-service/internal/auth/jwt.go:32.2,33.25 2 1
github.com/harmonyflow/syncbridge/session-state-service/internal/auth/jwt.go:33.25,35.3 1 1
github.com/harmonyflow/syncbridge/session-state-service/internal/auth/jwt.go:37.2,41.17 4 1
github.com/harmonyflow/syncbridge/session-state-service/internal/auth/jwt.go:41.17,43.3 1 1
github.com/harmonyflow/syncbridge/session-state-service/internal/auth/jwt.go:45.2,57.12 7 1
github.com/harmonyflow/syncbridge/session-state-service/internal/auth/jwt.go:60.52,64.57 3 1
github.com/harmonyflow/syncbridge/session-state-service/internal/auth/jwt.go:64.57,66.3 1 1
github.com/harmonyflow/syncbridge/session-state-service/internal/auth/jwt.go:68.2,68.24 1 1
github.com/harmonyflow/syncbridge/session-state-service/internal/auth/jwt.go:68.24,69.63 1 0
github.com/harmonyflow/syncbridge/session-state-service/internal/auth/jwt.go:69.63,71.4 1 0
github.com/harmonyflow/syncbridge/session-state-service/internal/auth/jwt.go:74.2,74.65 1 1
github.com/harmonyflow/syncbridge/session-state-service/internal/auth/jwt.go:77.41,79.2 1 0
github.com/harmonyflow/syncbridge/session-state-service/internal/auth/jwt.go:81.41,83.2 1 0
github.com/harmonyflow/syncbridge/session-state-service/internal/auth/jwt.go:85.43,92.22 5 1
github.com/harmonyflow/syncbridge/session-state-service/internal/auth/jwt.go:92.22,94.22 2 0
github.com/harmonyflow/syncbridge/session-state-service/internal/auth/jwt.go:94.22,96.4 1 0
github.com/harmonyflow/syncbridge/session-state-service/internal/auth/jwt.go:97.3,97.25 1 0
github.com/harmonyflow/syncbridge/session-state-service/internal/auth/jwt.go:100.2,109.12 6 1
github.com/harmonyflow/syncbridge/session-state-service/internal/auth/jwt.go:112.67,114.53 2 1
github.com/harmonyflow/syncbridge/session-state-service/internal/auth/jwt.go:114.53,115.44 1 0
github.com/harmonyflow/syncbridge/session-state-service/internal/auth/jwt.go:115.44,117.4 1 0
github.com/harmonyflow/syncbridge/session-state-service/internal/auth/jwt.go:118.3,118.37 1 0
github.com/harmonyflow/syncbridge/session-state-service/internal/auth/jwt.go:122.24,123.29 1 1
github.com/harmonyflow/syncbridge/session-state-service/internal/auth/jwt.go:123.29,125.3 1 1
github.com/harmonyflow/syncbridge/session-state-service/internal/auth/jwt.go:128.100,130.26 2 1
github.com/harmonyflow/syncbridge/session-state-service/internal/auth/jwt.go:130.26,132.3 1 0
github.com/harmonyflow/syncbridge/session-state-service/internal/auth/jwt.go:134.2,134.64 1 1
github.com/harmonyflow/syncbridge/session-state-service/internal/auth/jwt.go:134.64,136.17 2 1
github.com/harmonyflow/syncbridge/session-state-service/internal/auth/jwt.go:136.17,137.12 1 0
github.com/harmonyflow/syncbridge/session-state-service/internal/auth/jwt.go:140.3,151.17 3 1
github.com/harmonyflow/syncbridge/session-state-service/internal/auth/jwt.go:151.17,152.46 1 1
github.com/harmonyflow/syncbridge/session-state-service/internal/auth/jwt.go:152.46,157.5 1 1
github.com/harmonyflow/syncbridge/session-state-service/internal/auth/jwt.go:158.4,158.22 1 1
github.com/harmonyflow/syncbridge/session-state-service/internal/auth/jwt.go:161.3,161.75 1 1
github.com/harmonyflow/syncbridge/session-state-service/internal/auth/jwt.go:161.75,163.4 1 0
github.com/harmonyflow/syncbridge/session-state-service/internal/auth/jwt.go:166.2,166.29 1 0
github.com/harmonyflow/syncbridge/session-state-service/internal/auth/jwt.go:169.42,178.2 3 1
github.com/harmonyflow/syncbridge/session-state-service/internal/auth/middleware.go:32.64,37.2 1 1
github.com/harmonyflow/syncbridge/session-state-service/internal/auth/middleware.go:48.84,49.104 1 1
github.com/harmonyflow/syncbridge/session-state-service/internal/auth/middleware.go:49.104,50.58 1 1
github.com/harmonyflow/syncbridge/session-state-service/internal/auth/middleware.go:50.58,52.4 1 0
github.com/harmonyflow/syncbridge/session-state-service/internal/auth/middleware.go:53.3,53.38 1 1
github.com/harmonyflow/syncbridge/session-state-service/internal/auth/middleware.go:56.2,56.16 1 1
github.com/harmonyflow/syncbridge/session-state-service/internal/auth/middleware.go:56.16,58.19 1 1
github.com/harmonyflow/syncbridge/session-state-service/internal/auth/middleware.go:58.19,59.48 1 1
github.com/harmonyflow/syncbridge/session-state-service/internal/auth/middleware.go:59.48,68.32 2 1
github.com/harmonyflow/syncbridge/session-state-service/internal/auth/middleware.go:68.32,70.6 1 1
github.com/harmonyflow/syncbridge/session-state-service/internal/auth/middleware.go:71.5,71.44 1 1
github.com/harmonyflow/syncbridge/session-state-service/internal/auth/middleware.go:71.44,73.6 1 1
github.com/harmonyflow/syncbridge/session-state-service/internal/auth/middleware.go:74.5,74.39 1 1
github.com/harmonyflow/syncbridge/session-state-service/internal/auth/middleware.go:77.3,77.30 1 1
github.com/harmonyflow/syncbridge/session-state-service/internal/auth/middleware.go:80.2,80.61 1 1
github.com/harmonyflow/syncbridge/session-state-service/internal/auth/middleware.go:80.61,89.3 1 1
github.com/harmonyflow/syncbridge/session-state-service/internal/auth/middleware.go:91.2,91.29 1 0
github.com/harmonyflow/syncbridge/session-state-service/internal/auth/middleware.go:94.79,110.2 3 1
github.com/harmonyflow/syncbridge/session-state-service/internal/auth/middleware.go:112.91,114.52 2 1
github.com/harmonyflow/syncbridge/session-state-service/internal/auth/middleware.go:114.52,116.3 1 1
github.com/harmonyflow/syncbridge/session-state-service/internal/auth/middleware.go:118.2,118.19 1 1
github.com/harmonyflow/syncbridge/session-state-service/internal/auth/middleware.go:118.19,120.3 1 0
github.com/harmonyflow/syncbridge/session-state-service/internal/auth/middleware.go:122.2,123.16 2 1
github.com/harmonyflow/syncbridge/session-state-service/internal/auth/middleware.go:123.16,125.3 1 0
github.com/harmonyflow/syncbridge/session-state-service/internal/auth/middleware.go:127.2,127.30 1 1
github.com/harmonyflow/syncbridge/session-state-service/internal/auth/middleware.go:130.83,132.24 2 1
github.com/harmonyflow/syncbridge/session-state-service/internal/auth/middleware.go:132.24,134.3 1 1
github.com/harmonyflow/syncbridge/session-state-service/internal/auth/middleware.go:135.2,135.19 1 1
github.com/harmonyflow/syncbridge/session-state-service/internal/auth/middleware.go:138.77,139.29 1 1
github.com/harmonyflow/syncbridge/session-state-service/internal/auth/middleware.go:139.29,140.46 1 1
github.com/harmonyflow/syncbridge/session-state-service/internal/auth/middleware.go:140.46,142.4 1 1
github.com/harmonyflow/syncbridge/session-state-service/internal/auth/middleware.go:144.2,144.14 1 1
